[0.046s] Invoking command in '/home/david/tesis/superdev_ws/src/my_agv_super/build/my_agv_super': CMAKE_PREFIX_PATH=${CMAKE_PREFIX_PATH}:/opt/ros/humble /usr/bin/cmake --build /home/david/tesis/superdev_ws/src/my_agv_super/build/my_agv_super -- -j8 -l8
[0.358s] Invoked command in '/home/david/tesis/superdev_ws/src/my_agv_super/build/my_agv_super' returned '0': CMAKE_PREFIX_PATH=${CMAKE_PREFIX_PATH}:/opt/ros/humble /usr/bin/cmake --build /home/david/tesis/superdev_ws/src/my_agv_super/build/my_agv_super -- -j8 -l8
[0.463s] Invoking command in '/home/david/tesis/superdev_ws/src/my_agv_super/build/my_agv_super': CMAKE_PREFIX_PATH=${CMAKE_PREFIX_PATH}:/opt/ros/humble /usr/bin/cmake --install /home/david/tesis/superdev_ws/src/my_agv_super/build/my_agv_super
[0.495s] -- Install configuration: ""
[0.498s] -- Up-to-date: /home/david/tesis/superdev_ws/src/my_agv_super/install/my_agv_super/share/my_agv_super/config
[0.499s] -- Up-to-date: /home/david/tesis/superdev_ws/src/my_agv_super/install/my_agv_super/share/my_agv_super/config/ekf.yaml
[0.500s] -- Up-to-date: /home/david/tesis/superdev_ws/src/my_agv_super/install/my_agv_super/share/my_agv_super/launch
[0.500s] -- Up-to-date: /home/david/tesis/superdev_ws/src/my_agv_super/install/my_agv_super/share/my_agv_super/launch/install
[0.501s] -- Up-to-date: /home/david/tesis/superdev_ws/src/my_agv_super/install/my_agv_super/share/my_agv_super/launch/install/setup.bash
[0.502s] -- Up-to-date: /home/david/tesis/superdev_ws/src/my_agv_super/install/my_agv_super/share/my_agv_super/launch/install/.colcon_install_layout
[0.502s] -- Up-to-date: /home/david/tesis/superdev_ws/src/my_agv_super/install/my_agv_super/share/my_agv_super/launch/install/local_setup.bash
[0.502s] -- Up-to-date: /home/david/tesis/superdev_ws/src/my_agv_super/install/my_agv_super/share/my_agv_super/launch/install/COLCON_IGNORE
[0.502s] -- Up-to-date: /home/david/tesis/superdev_ws/src/my_agv_super/install/my_agv_super/share/my_agv_super/launch/install/_local_setup_util_sh.py
[0.503s] -- Up-to-date: /home/david/tesis/superdev_ws/src/my_agv_super/install/my_agv_super/share/my_agv_super/launch/install/local_setup.ps1
[0.503s] -- Up-to-date: /home/david/tesis/superdev_ws/src/my_agv_super/install/my_agv_super/share/my_agv_super/launch/install/_local_setup_util_ps1.py
[0.503s] -- Up-to-date: /home/david/tesis/superdev_ws/src/my_agv_super/install/my_agv_super/share/my_agv_super/launch/install/local_setup.sh
[0.504s] -- Up-to-date: /home/david/tesis/superdev_ws/src/my_agv_super/install/my_agv_super/share/my_agv_super/launch/install/setup.ps1
[0.504s] -- Up-to-date: /home/david/tesis/superdev_ws/src/my_agv_super/install/my_agv_super/share/my_agv_super/launch/install/setup.sh
[0.504s] -- Up-to-date: /home/david/tesis/superdev_ws/src/my_agv_super/install/my_agv_super/share/my_agv_super/launch/install/local_setup.zsh
[0.504s] -- Up-to-date: /home/david/tesis/superdev_ws/src/my_agv_super/install/my_agv_super/share/my_agv_super/launch/install/setup.zsh
[0.505s] -- Up-to-date: /home/david/tesis/superdev_ws/src/my_agv_super/install/my_agv_super/share/my_agv_super/launch/test.launch.py
[0.505s] -- Up-to-date: /home/david/tesis/superdev_ws/src/my_agv_super/install/my_agv_super/share/my_agv_super/launch/myagv.launch.py
[0.505s] -- Up-to-date: /home/david/tesis/superdev_ws/src/my_agv_super/install/my_agv_super/share/my_agv_super/launch/slamagv.launch.py
[0.506s] -- Up-to-date: /home/david/tesis/superdev_ws/src/my_agv_super/install/my_agv_super/share/my_agv_super/launch/log
[0.506s] -- Up-to-date: /home/david/tesis/superdev_ws/src/my_agv_super/install/my_agv_super/share/my_agv_super/launch/log/COLCON_IGNORE
[0.506s] -- Up-to-date: /home/david/tesis/superdev_ws/src/my_agv_super/install/my_agv_super/share/my_agv_super/launch/log/latest
[0.507s] -- Up-to-date: /home/david/tesis/superdev_ws/src/my_agv_super/install/my_agv_super/share/my_agv_super/launch/log/build_2024-06-28_00-18-12
[0.507s] -- Up-to-date: /home/david/tesis/superdev_ws/src/my_agv_super/install/my_agv_super/share/my_agv_super/launch/log/build_2024-06-28_00-18-12/events.log
[0.507s] -- Up-to-date: /home/david/tesis/superdev_ws/src/my_agv_super/install/my_agv_super/share/my_agv_super/launch/log/build_2024-06-28_00-18-12/logger_all.log
[0.508s] -- Up-to-date: /home/david/tesis/superdev_ws/src/my_agv_super/install/my_agv_super/share/my_agv_super/launch/log/latest_build
[0.508s] -- Up-to-date: /home/david/tesis/superdev_ws/src/my_agv_super/install/my_agv_super/share/my_agv_super/launch/build
[0.508s] -- Up-to-date: /home/david/tesis/superdev_ws/src/my_agv_super/install/my_agv_super/share/my_agv_super/launch/build/COLCON_IGNORE
[0.508s] -- Up-to-date: /home/david/tesis/superdev_ws/src/my_agv_super/install/my_agv_super/share/my_agv_super/launch/build/.built_by
[0.508s] -- Up-to-date: /home/david/tesis/superdev_ws/src/my_agv_super/install/my_agv_super/share/my_agv_super/maps
[0.508s] -- Up-to-date: /home/david/tesis/superdev_ws/src/my_agv_super/install/my_agv_super/share/my_agv_super/meshes
[0.510s] -- Up-to-date: /home/david/tesis/superdev_ws/src/my_agv_super/install/my_agv_super/share/my_agv_super/meshes/install
[0.512s] -- Up-to-date: /home/david/tesis/superdev_ws/src/my_agv_super/install/my_agv_super/share/my_agv_super/meshes/install/setup.bash
[0.512s] -- Up-to-date: /home/david/tesis/superdev_ws/src/my_agv_super/install/my_agv_super/share/my_agv_super/meshes/install/.colcon_install_layout
[0.512s] -- Up-to-date: /home/david/tesis/superdev_ws/src/my_agv_super/install/my_agv_super/share/my_agv_super/meshes/install/local_setup.bash
[0.513s] -- Up-to-date: /home/david/tesis/superdev_ws/src/my_agv_super/install/my_agv_super/share/my_agv_super/meshes/install/COLCON_IGNORE
[0.513s] -- Up-to-date: /home/david/tesis/superdev_ws/src/my_agv_super/install/my_agv_super/share/my_agv_super/meshes/install/_local_setup_util_sh.py
[0.513s] -- Up-to-date: /home/david/tesis/superdev_ws/src/my_agv_super/install/my_agv_super/share/my_agv_super/meshes/install/local_setup.ps1
[0.513s] -- Up-to-date: /home/david/tesis/superdev_ws/src/my_agv_super/install/my_agv_super/share/my_agv_super/meshes/install/_local_setup_util_ps1.py
[0.514s] -- Up-to-date: /home/david/tesis/superdev_ws/src/my_agv_super/install/my_agv_super/share/my_agv_super/meshes/install/local_setup.sh
[0.514s] -- Up-to-date: /home/david/tesis/superdev_ws/src/my_agv_super/install/my_agv_super/share/my_agv_super/meshes/install/setup.ps1
[0.514s] -- Up-to-date: /home/david/tesis/superdev_ws/src/my_agv_super/install/my_agv_super/share/my_agv_super/meshes/install/setup.sh
[0.514s] -- Up-to-date: /home/david/tesis/superdev_ws/src/my_agv_super/install/my_agv_super/share/my_agv_super/meshes/install/local_setup.zsh
[0.515s] -- Up-to-date: /home/david/tesis/superdev_ws/src/my_agv_super/install/my_agv_super/share/my_agv_super/meshes/install/setup.zsh
[0.515s] -- Up-to-date: /home/david/tesis/superdev_ws/src/my_agv_super/install/my_agv_super/share/my_agv_super/meshes/elbow.stl
[0.516s] -- Up-to-date: /home/david/tesis/superdev_ws/src/my_agv_super/install/my_agv_super/share/my_agv_super/meshes/wheel.stl
[0.516s] -- Up-to-date: /home/david/tesis/superdev_ws/src/my_agv_super/install/my_agv_super/share/my_agv_super/meshes/wrist.stl
[0.516s] -- Up-to-date: /home/david/tesis/superdev_ws/src/my_agv_super/install/my_agv_super/share/my_agv_super/meshes/bicep.stl
[0.516s] -- Up-to-date: /home/david/tesis/superdev_ws/src/my_agv_super/install/my_agv_super/share/my_agv_super/meshes/hokuyo.dae
[0.516s] -- Up-to-date: /home/david/tesis/superdev_ws/src/my_agv_super/install/my_agv_super/share/my_agv_super/meshes/myagv_base.dae
[0.516s] -- Up-to-date: /home/david/tesis/superdev_ws/src/my_agv_super/install/my_agv_super/share/my_agv_super/meshes/myagv_all.stl
[0.517s] -- Up-to-date: /home/david/tesis/superdev_ws/src/my_agv_super/install/my_agv_super/share/my_agv_super/meshes/robot_base.stl
[0.517s] -- Up-to-date: /home/david/tesis/superdev_ws/src/my_agv_super/install/my_agv_super/share/my_agv_super/meshes/arm_base.stl
[0.517s] -- Up-to-date: /home/david/tesis/superdev_ws/src/my_agv_super/install/my_agv_super/share/my_agv_super/meshes/myagv_up.dae
[0.517s] -- Up-to-date: /home/david/tesis/superdev_ws/src/my_agv_super/install/my_agv_super/share/my_agv_super/meshes/log
[0.517s] -- Up-to-date: /home/david/tesis/superdev_ws/src/my_agv_super/install/my_agv_super/share/my_agv_super/meshes/log/COLCON_IGNORE
[0.517s] -- Up-to-date: /home/david/tesis/superdev_ws/src/my_agv_super/install/my_agv_super/share/my_agv_super/meshes/log/latest
[0.518s] -- Up-to-date: /home/david/tesis/superdev_ws/src/my_agv_super/install/my_agv_super/share/my_agv_super/meshes/log/latest_build
[0.518s] -- Up-to-date: /home/david/tesis/superdev_ws/src/my_agv_super/install/my_agv_super/share/my_agv_super/meshes/log/build_2024-06-22_21-29-10
[0.518s] -- Up-to-date: /home/david/tesis/superdev_ws/src/my_agv_super/install/my_agv_super/share/my_agv_super/meshes/log/build_2024-06-22_21-29-10/events.log
[0.518s] -- Up-to-date: /home/david/tesis/superdev_ws/src/my_agv_super/install/my_agv_super/share/my_agv_super/meshes/log/build_2024-06-22_21-29-10/logger_all.log
[0.518s] -- Up-to-date: /home/david/tesis/superdev_ws/src/my_agv_super/install/my_agv_super/share/my_agv_super/meshes/myagv_all.dae
[0.518s] -- Up-to-date: /home/david/tesis/superdev_ws/src/my_agv_super/install/my_agv_super/share/my_agv_super/meshes/build
[0.519s] -- Up-to-date: /home/david/tesis/superdev_ws/src/my_agv_super/install/my_agv_super/share/my_agv_super/meshes/build/COLCON_IGNORE
[0.520s] -- Up-to-date: /home/david/tesis/superdev_ws/src/my_agv_super/install/my_agv_super/share/my_agv_super/meshes/build/.built_by
[0.520s] -- Up-to-date: /home/david/tesis/superdev_ws/src/my_agv_super/install/my_agv_super/share/my_agv_super/models
[0.521s] -- Up-to-date: /home/david/tesis/superdev_ws/src/my_agv_super/install/my_agv_super/share/my_agv_super/models/myagv_description
[0.522s] -- Up-to-date: /home/david/tesis/superdev_ws/src/my_agv_super/install/my_agv_super/share/my_agv_super/models/myagv_description/model.config
[0.523s] -- Up-to-date: /home/david/tesis/superdev_ws/src/my_agv_super/install/my_agv_super/share/my_agv_super/models/myagv_description/meshes
[0.524s] -- Up-to-date: /home/david/tesis/superdev_ws/src/my_agv_super/install/my_agv_super/share/my_agv_super/models/myagv_description/meshes/install
[0.525s] -- Up-to-date: /home/david/tesis/superdev_ws/src/my_agv_super/install/my_agv_super/share/my_agv_super/models/myagv_description/meshes/install/setup.bash
[0.525s] -- Up-to-date: /home/david/tesis/superdev_ws/src/my_agv_super/install/my_agv_super/share/my_agv_super/models/myagv_description/meshes/install/.colcon_install_layout
[0.526s] -- Up-to-date: /home/david/tesis/superdev_ws/src/my_agv_super/install/my_agv_super/share/my_agv_super/models/myagv_description/meshes/install/local_setup.bash
[0.526s] -- Up-to-date: /home/david/tesis/superdev_ws/src/my_agv_super/install/my_agv_super/share/my_agv_super/models/myagv_description/meshes/install/COLCON_IGNORE
[0.527s] -- Up-to-date: /home/david/tesis/superdev_ws/src/my_agv_super/install/my_agv_super/share/my_agv_super/models/myagv_description/meshes/install/_local_setup_util_sh.py
[0.527s] -- Up-to-date: /home/david/tesis/superdev_ws/src/my_agv_super/install/my_agv_super/share/my_agv_super/models/myagv_description/meshes/install/local_setup.ps1
[0.527s] -- Up-to-date: /home/david/tesis/superdev_ws/src/my_agv_super/install/my_agv_super/share/my_agv_super/models/myagv_description/meshes/install/_local_setup_util_ps1.py
[0.528s] -- Up-to-date: /home/david/tesis/superdev_ws/src/my_agv_super/install/my_agv_super/share/my_agv_super/models/myagv_description/meshes/install/local_setup.sh
[0.528s] -- Up-to-date: /home/david/tesis/superdev_ws/src/my_agv_super/install/my_agv_super/share/my_agv_super/models/myagv_description/meshes/install/setup.ps1
[0.528s] -- Up-to-date: /home/david/tesis/superdev_ws/src/my_agv_super/install/my_agv_super/share/my_agv_super/models/myagv_description/meshes/install/setup.sh
[0.528s] -- Up-to-date: /home/david/tesis/superdev_ws/src/my_agv_super/install/my_agv_super/share/my_agv_super/models/myagv_description/meshes/install/local_setup.zsh
[0.529s] -- Up-to-date: /home/david/tesis/superdev_ws/src/my_agv_super/install/my_agv_super/share/my_agv_super/models/myagv_description/meshes/install/setup.zsh
[0.529s] -- Up-to-date: /home/david/tesis/superdev_ws/src/my_agv_super/install/my_agv_super/share/my_agv_super/models/myagv_description/meshes/elbow.stl
[0.529s] -- Up-to-date: /home/david/tesis/superdev_ws/src/my_agv_super/install/my_agv_super/share/my_agv_super/models/myagv_description/meshes/wheel.stl
[0.529s] -- Up-to-date: /home/david/tesis/superdev_ws/src/my_agv_super/install/my_agv_super/share/my_agv_super/models/myagv_description/meshes/wrist.stl
[0.529s] -- Up-to-date: /home/david/tesis/superdev_ws/src/my_agv_super/install/my_agv_super/share/my_agv_super/models/myagv_description/meshes/bicep.stl
[0.530s] -- Up-to-date: /home/david/tesis/superdev_ws/src/my_agv_super/install/my_agv_super/share/my_agv_super/models/myagv_description/meshes/hokuyo.dae
[0.530s] -- Up-to-date: /home/david/tesis/superdev_ws/src/my_agv_super/install/my_agv_super/share/my_agv_super/models/myagv_description/meshes/myagv_base.dae
[0.530s] -- Up-to-date: /home/david/tesis/superdev_ws/src/my_agv_super/install/my_agv_super/share/my_agv_super/models/myagv_description/meshes/myagv_all.stl
[0.530s] -- Up-to-date: /home/david/tesis/superdev_ws/src/my_agv_super/install/my_agv_super/share/my_agv_super/models/myagv_description/meshes/robot_base.stl
[0.531s] -- Up-to-date: /home/david/tesis/superdev_ws/src/my_agv_super/install/my_agv_super/share/my_agv_super/models/myagv_description/meshes/arm_base.stl
[0.531s] -- Up-to-date: /home/david/tesis/superdev_ws/src/my_agv_super/install/my_agv_super/share/my_agv_super/models/myagv_description/meshes/myagv_up.dae
[0.532s] -- Up-to-date: /home/david/tesis/superdev_ws/src/my_agv_super/install/my_agv_super/share/my_agv_super/models/myagv_description/meshes/log
[0.532s] -- Up-to-date: /home/david/tesis/superdev_ws/src/my_agv_super/install/my_agv_super/share/my_agv_super/models/myagv_description/meshes/log/COLCON_IGNORE
[0.532s] -- Up-to-date: /home/david/tesis/superdev_ws/src/my_agv_super/install/my_agv_super/share/my_agv_super/models/myagv_description/meshes/log/latest
[0.532s] -- Up-to-date: /home/david/tesis/superdev_ws/src/my_agv_super/install/my_agv_super/share/my_agv_super/models/myagv_description/meshes/log/latest_build
[0.533s] -- Up-to-date: /home/david/tesis/superdev_ws/src/my_agv_super/install/my_agv_super/share/my_agv_super/models/myagv_description/meshes/log/build_2024-06-22_21-29-10
[0.533s] -- Up-to-date: /home/david/tesis/superdev_ws/src/my_agv_super/install/my_agv_super/share/my_agv_super/models/myagv_description/meshes/log/build_2024-06-22_21-29-10/events.log
[0.533s] -- Up-to-date: /home/david/tesis/superdev_ws/src/my_agv_super/install/my_agv_super/share/my_agv_super/models/myagv_description/meshes/log/build_2024-06-22_21-29-10/logger_all.log
[0.533s] -- Up-to-date: /home/david/tesis/superdev_ws/src/my_agv_super/install/my_agv_super/share/my_agv_super/models/myagv_description/meshes/myagv_all.dae
[0.533s] -- Up-to-date: /home/david/tesis/superdev_ws/src/my_agv_super/install/my_agv_super/share/my_agv_super/models/myagv_description/meshes/build
[0.533s] -- Up-to-date: /home/david/tesis/superdev_ws/src/my_agv_super/install/my_agv_super/share/my_agv_super/models/myagv_description/meshes/build/COLCON_IGNORE
[0.534s] -- Up-to-date: /home/david/tesis/superdev_ws/src/my_agv_super/install/my_agv_super/share/my_agv_super/models/myagv_description/meshes/build/.built_by
[0.534s] -- Installing: /home/david/tesis/superdev_ws/src/my_agv_super/install/my_agv_super/share/my_agv_super/models/myagv_description/model.sdf
[0.534s] -- Up-to-date: /home/david/tesis/superdev_ws/src/my_agv_super/install/my_agv_super/share/my_agv_super/models/myagv.urdf
[0.534s] -- Up-to-date: /home/david/tesis/superdev_ws/src/my_agv_super/install/my_agv_super/share/my_agv_super/models/ground_plane
[0.536s] -- Up-to-date: /home/david/tesis/superdev_ws/src/my_agv_super/install/my_agv_super/share/my_agv_super/models/ground_plane/model.config
[0.536s] -- Up-to-date: /home/david/tesis/superdev_ws/src/my_agv_super/install/my_agv_super/share/my_agv_super/models/ground_plane/model.sdf
[0.536s] -- Up-to-date: /home/david/tesis/superdev_ws/src/my_agv_super/install/my_agv_super/share/my_agv_super/models/ground_plane/model-1_4.sdf
[0.536s] -- Up-to-date: /home/david/tesis/superdev_ws/src/my_agv_super/install/my_agv_super/share/my_agv_super/models/ground_plane/model-1_3.sdf
[0.536s] -- Up-to-date: /home/david/tesis/superdev_ws/src/my_agv_super/install/my_agv_super/share/my_agv_super/models/ground_plane/model-1_2.sdf
[0.536s] -- Up-to-date: /home/david/tesis/superdev_ws/src/my_agv_super/install/my_agv_super/share/my_agv_super/params
[0.540s] -- Up-to-date: /home/david/tesis/superdev_ws/src/my_agv_super/install/my_agv_super/share/my_agv_super/params/nav2_params.yaml
[0.540s] -- Up-to-date: /home/david/tesis/superdev_ws/src/my_agv_super/install/my_agv_super/share/my_agv_super/params/slam_params.yaml
[0.540s] -- Up-to-date: /home/david/tesis/superdev_ws/src/my_agv_super/install/my_agv_super/share/my_agv_super/rviz
[0.541s] -- Up-to-date: /home/david/tesis/superdev_ws/src/my_agv_super/install/my_agv_super/share/my_agv_super/rviz/nav2_config.rviz
[0.541s] -- Up-to-date: /home/david/tesis/superdev_ws/src/my_agv_super/install/my_agv_super/share/my_agv_super/rviz/urdf_config.rviz
[0.541s] -- Up-to-date: /home/david/tesis/superdev_ws/src/my_agv_super/install/my_agv_super/share/my_agv_super/rviz/slam_config.rviz
[0.541s] -- Up-to-date: /home/david/tesis/superdev_ws/src/my_agv_super/install/my_agv_super/share/my_agv_super/src
[0.542s] -- Up-to-date: /home/david/tesis/superdev_ws/src/my_agv_super/install/my_agv_super/share/my_agv_super/worlds
[0.543s] -- Up-to-date: /home/david/tesis/superdev_ws/src/my_agv_super/install/my_agv_super/share/my_agv_super/worlds/my_agv_world
[0.545s] -- Up-to-date: /home/david/tesis/superdev_ws/src/my_agv_super/install/my_agv_super/share/my_agv_super/worlds/my_agv_world/smalltown.world
[0.545s] -- Up-to-date: /home/david/tesis/superdev_ws/src/my_agv_super/install/my_agv_super/share/my_agv_super/worlds/my_agv_world/install
[0.551s] -- Up-to-date: /home/david/tesis/superdev_ws/src/my_agv_super/install/my_agv_super/share/my_agv_super/worlds/my_agv_world/install/setup.bash
[0.551s] -- Up-to-date: /home/david/tesis/superdev_ws/src/my_agv_super/install/my_agv_super/share/my_agv_super/worlds/my_agv_world/install/.colcon_install_layout
[0.551s] -- Up-to-date: /home/david/tesis/superdev_ws/src/my_agv_super/install/my_agv_super/share/my_agv_super/worlds/my_agv_world/install/local_setup.bash
[0.551s] -- Up-to-date: /home/david/tesis/superdev_ws/src/my_agv_super/install/my_agv_super/share/my_agv_super/worlds/my_agv_world/install/COLCON_IGNORE
[0.551s] -- Up-to-date: /home/david/tesis/superdev_ws/src/my_agv_super/install/my_agv_super/share/my_agv_super/worlds/my_agv_world/install/_local_setup_util_sh.py
[0.552s] -- Up-to-date: /home/david/tesis/superdev_ws/src/my_agv_super/install/my_agv_super/share/my_agv_super/worlds/my_agv_world/install/local_setup.ps1
[0.552s] -- Up-to-date: /home/david/tesis/superdev_ws/src/my_agv_super/install/my_agv_super/share/my_agv_super/worlds/my_agv_world/install/_local_setup_util_ps1.py
[0.552s] -- Up-to-date: /home/david/tesis/superdev_ws/src/my_agv_super/install/my_agv_super/share/my_agv_super/worlds/my_agv_world/install/local_setup.sh
[0.552s] -- Up-to-date: /home/david/tesis/superdev_ws/src/my_agv_super/install/my_agv_super/share/my_agv_super/worlds/my_agv_world/install/setup.ps1
[0.553s] -- Up-to-date: /home/david/tesis/superdev_ws/src/my_agv_super/install/my_agv_super/share/my_agv_super/worlds/my_agv_world/install/setup.sh
[0.553s] -- Up-to-date: /home/david/tesis/superdev_ws/src/my_agv_super/install/my_agv_super/share/my_agv_super/worlds/my_agv_world/install/local_setup.zsh
[0.553s] -- Up-to-date: /home/david/tesis/superdev_ws/src/my_agv_super/install/my_agv_super/share/my_agv_super/worlds/my_agv_world/install/setup.zsh
[0.553s] -- Up-to-date: /home/david/tesis/superdev_ws/src/my_agv_super/install/my_agv_super/share/my_agv_super/worlds/my_agv_world/house.world
[0.553s] -- Up-to-date: /home/david/tesis/superdev_ws/src/my_agv_super/install/my_agv_super/share/my_agv_super/worlds/my_agv_world/cafe.world
[0.553s] -- Up-to-date: /home/david/tesis/superdev_ws/src/my_agv_super/install/my_agv_super/share/my_agv_super/worlds/my_agv_world/warehouse.world
[0.554s] -- Up-to-date: /home/david/tesis/superdev_ws/src/my_agv_super/install/my_agv_super/share/my_agv_super/worlds/my_agv_world/log
[0.554s] -- Up-to-date: /home/david/tesis/superdev_ws/src/my_agv_super/install/my_agv_super/share/my_agv_super/worlds/my_agv_world/log/build_2024-06-28_00-39-05
[0.556s] -- Up-to-date: /home/david/tesis/superdev_ws/src/my_agv_super/install/my_agv_super/share/my_agv_super/worlds/my_agv_world/log/build_2024-06-28_00-39-05/events.log
[0.557s] -- Up-to-date: /home/david/tesis/superdev_ws/src/my_agv_super/install/my_agv_super/share/my_agv_super/worlds/my_agv_world/log/build_2024-06-28_00-39-05/logger_all.log
[0.557s] -- Up-to-date: /home/david/tesis/superdev_ws/src/my_agv_super/install/my_agv_super/share/my_agv_super/worlds/my_agv_world/log/COLCON_IGNORE
[0.557s] -- Up-to-date: /home/david/tesis/superdev_ws/src/my_agv_super/install/my_agv_super/share/my_agv_super/worlds/my_agv_world/log/latest
[0.558s] -- Up-to-date: /home/david/tesis/superdev_ws/src/my_agv_super/install/my_agv_super/share/my_agv_super/worlds/my_agv_world/log/latest_build
[0.558s] -- Up-to-date: /home/david/tesis/superdev_ws/src/my_agv_super/install/my_agv_super/share/my_agv_super/worlds/my_agv_world/log/build_2024-06-28_00-40-47
[0.558s] -- Up-to-date: /home/david/tesis/superdev_ws/src/my_agv_super/install/my_agv_super/share/my_agv_super/worlds/my_agv_world/log/build_2024-06-28_00-40-47/events.log
[0.559s] -- Up-to-date: /home/david/tesis/superdev_ws/src/my_agv_super/install/my_agv_super/share/my_agv_super/worlds/my_agv_world/log/build_2024-06-28_00-40-47/logger_all.log
[0.559s] -- Up-to-date: /home/david/tesis/superdev_ws/src/my_agv_super/install/my_agv_super/share/my_agv_super/worlds/my_agv_world/build
[0.560s] -- Up-to-date: /home/david/tesis/superdev_ws/src/my_agv_super/install/my_agv_super/share/my_agv_super/worlds/my_agv_world/build/COLCON_IGNORE
[0.560s] -- Up-to-date: /home/david/tesis/superdev_ws/src/my_agv_super/install/my_agv_super/share/my_agv_super/worlds/my_agv_world/build/.built_by
[0.560s] -- Up-to-date: /home/david/tesis/superdev_ws/src/my_agv_super/install/my_agv_super/share/my_agv_super/scripts
[0.561s] -- Up-to-date: /home/david/tesis/superdev_ws/src/my_agv_super/install/my_agv_super/share/my_agv_super/scripts/teleop.py
[0.562s] -- Up-to-date: /home/david/tesis/superdev_ws/src/my_agv_super/install/my_agv_super/share/my_agv_super/scripts/teleop_fix.py
[0.564s] -- Up-to-date: /home/david/tesis/superdev_ws/src/my_agv_super/install/my_agv_super/lib/my_agv_super/teleop.py
[0.564s] -- Up-to-date: /home/david/tesis/superdev_ws/src/my_agv_super/install/my_agv_super/lib/my_agv_super/teleop_fix.py
[0.566s] -- Up-to-date: /home/david/tesis/superdev_ws/src/my_agv_super/install/my_agv_super/share/ament_index/resource_index/package_run_dependencies/my_agv_super
[0.567s] -- Up-to-date: /home/david/tesis/superdev_ws/src/my_agv_super/install/my_agv_super/share/ament_index/resource_index/parent_prefix_path/my_agv_super
[0.569s] -- Up-to-date: /home/david/tesis/superdev_ws/src/my_agv_super/install/my_agv_super/share/my_agv_super/environment/ament_prefix_path.sh
[0.569s] -- Up-to-date: /home/david/tesis/superdev_ws/src/my_agv_super/install/my_agv_super/share/my_agv_super/environment/ament_prefix_path.dsv
[0.570s] -- Up-to-date: /home/david/tesis/superdev_ws/src/my_agv_super/install/my_agv_super/share/my_agv_super/environment/path.sh
[0.570s] -- Up-to-date: /home/david/tesis/superdev_ws/src/my_agv_super/install/my_agv_super/share/my_agv_super/environment/path.dsv
[0.570s] -- Up-to-date: /home/david/tesis/superdev_ws/src/my_agv_super/install/my_agv_super/share/my_agv_super/local_setup.bash
[0.570s] -- Up-to-date: /home/david/tesis/superdev_ws/src/my_agv_super/install/my_agv_super/share/my_agv_super/local_setup.sh
[0.571s] -- Up-to-date: /home/david/tesis/superdev_ws/src/my_agv_super/install/my_agv_super/share/my_agv_super/local_setup.zsh
[0.571s] -- Up-to-date: /home/david/tesis/superdev_ws/src/my_agv_super/install/my_agv_super/share/my_agv_super/local_setup.dsv
[0.571s] -- Installing: /home/david/tesis/superdev_ws/src/my_agv_super/install/my_agv_super/share/my_agv_super/package.dsv
[0.572s] -- Up-to-date: /home/david/tesis/superdev_ws/src/my_agv_super/install/my_agv_super/share/ament_index/resource_index/packages/my_agv_super
[0.573s] -- Up-to-date: /home/david/tesis/superdev_ws/src/my_agv_super/install/my_agv_super/share/my_agv_super/cmake/my_agv_superConfig.cmake
[0.573s] -- Up-to-date: /home/david/tesis/superdev_ws/src/my_agv_super/install/my_agv_super/share/my_agv_super/cmake/my_agv_superConfig-version.cmake
[0.574s] -- Up-to-date: /home/david/tesis/superdev_ws/src/my_agv_super/install/my_agv_super/share/my_agv_super/package.xml
[0.579s] Invoked command in '/home/david/tesis/superdev_ws/src/my_agv_super/build/my_agv_super' returned '0': CMAKE_PREFIX_PATH=${CMAKE_PREFIX_PATH}:/opt/ros/humble /usr/bin/cmake --install /home/david/tesis/superdev_ws/src/my_agv_super/build/my_agv_super
