[0.030s] Invoking command in '/home/david/tesis/superdev_ws/src/my_agv_super/build/my_agv_super': CMAKE_PREFIX_PATH=${CMAKE_PREFIX_PATH}:/opt/ros/humble /usr/bin/cmake --build /home/david/tesis/superdev_ws/src/my_agv_super/build/my_agv_super -- -j8 -l8
[0.190s] Invoked command in '/home/david/tesis/superdev_ws/src/my_agv_super/build/my_agv_super' returned '0': CMAKE_PREFIX_PATH=${CMAKE_PREFIX_PATH}:/opt/ros/humble /usr/bin/cmake --build /home/david/tesis/superdev_ws/src/my_agv_super/build/my_agv_super -- -j8 -l8
[0.256s] Invoking command in '/home/david/tesis/superdev_ws/src/my_agv_super/build/my_agv_super': CMAKE_PREFIX_PATH=${CMAKE_PREFIX_PATH}:/opt/ros/humble /usr/bin/cmake --install /home/david/tesis/superdev_ws/src/my_agv_super/build/my_agv_super
[0.271s] -- Install configuration: ""
[0.273s] -- Up-to-date: /home/david/tesis/superdev_ws/src/my_agv_super/install/my_agv_super/share/my_agv_super/config
[0.275s] -- Up-to-date: /home/david/tesis/superdev_ws/src/my_agv_super/install/my_agv_super/share/my_agv_super/config/ekf.yaml
[0.275s] -- Up-to-date: /home/david/tesis/superdev_ws/src/my_agv_super/install/my_agv_super/share/my_agv_super/launch
[0.276s] -- Up-to-date: /home/david/tesis/superdev_ws/src/my_agv_super/install/my_agv_super/share/my_agv_super/launch/myagv.launch.py
[0.276s] -- Up-to-date: /home/david/tesis/superdev_ws/src/my_agv_super/install/my_agv_super/share/my_agv_super/maps
[0.276s] -- Up-to-date: /home/david/tesis/superdev_ws/src/my_agv_super/install/my_agv_super/share/my_agv_super/meshes
[0.277s] -- Up-to-date: /home/david/tesis/superdev_ws/src/my_agv_super/install/my_agv_super/share/my_agv_super/meshes/install
[0.278s] -- Up-to-date: /home/david/tesis/superdev_ws/src/my_agv_super/install/my_agv_super/share/my_agv_super/meshes/install/setup.bash
[0.279s] -- Up-to-date: /home/david/tesis/superdev_ws/src/my_agv_super/install/my_agv_super/share/my_agv_super/meshes/install/.colcon_install_layout
[0.279s] -- Up-to-date: /home/david/tesis/superdev_ws/src/my_agv_super/install/my_agv_super/share/my_agv_super/meshes/install/local_setup.bash
[0.279s] -- Up-to-date: /home/david/tesis/superdev_ws/src/my_agv_super/install/my_agv_super/share/my_agv_super/meshes/install/COLCON_IGNORE
[0.280s] -- Up-to-date: /home/david/tesis/superdev_ws/src/my_agv_super/install/my_agv_super/share/my_agv_super/meshes/install/_local_setup_util_sh.py
[0.280s] -- Up-to-date: /home/david/tesis/superdev_ws/src/my_agv_super/install/my_agv_super/share/my_agv_super/meshes/install/local_setup.ps1
[0.280s] -- Up-to-date: /home/david/tesis/superdev_ws/src/my_agv_super/install/my_agv_super/share/my_agv_super/meshes/install/_local_setup_util_ps1.py
[0.280s] -- Up-to-date: /home/david/tesis/superdev_ws/src/my_agv_super/install/my_agv_super/share/my_agv_super/meshes/install/local_setup.sh
[0.280s] -- Up-to-date: /home/david/tesis/superdev_ws/src/my_agv_super/install/my_agv_super/share/my_agv_super/meshes/install/setup.ps1
[0.280s] -- Up-to-date: /home/david/tesis/superdev_ws/src/my_agv_super/install/my_agv_super/share/my_agv_super/meshes/install/setup.sh
[0.281s] -- Up-to-date: /home/david/tesis/superdev_ws/src/my_agv_super/install/my_agv_super/share/my_agv_super/meshes/install/local_setup.zsh
[0.281s] -- Up-to-date: /home/david/tesis/superdev_ws/src/my_agv_super/install/my_agv_super/share/my_agv_super/meshes/install/setup.zsh
[0.281s] -- Up-to-date: /home/david/tesis/superdev_ws/src/my_agv_super/install/my_agv_super/share/my_agv_super/meshes/elbow.stl
[0.281s] -- Up-to-date: /home/david/tesis/superdev_ws/src/my_agv_super/install/my_agv_super/share/my_agv_super/meshes/wheel.stl
[0.281s] -- Up-to-date: /home/david/tesis/superdev_ws/src/my_agv_super/install/my_agv_super/share/my_agv_super/meshes/wrist.stl
[0.281s] -- Up-to-date: /home/david/tesis/superdev_ws/src/my_agv_super/install/my_agv_super/share/my_agv_super/meshes/bicep.stl
[0.282s] -- Up-to-date: /home/david/tesis/superdev_ws/src/my_agv_super/install/my_agv_super/share/my_agv_super/meshes/hokuyo.dae
[0.282s] -- Up-to-date: /home/david/tesis/superdev_ws/src/my_agv_super/install/my_agv_super/share/my_agv_super/meshes/myagv_base.dae
[0.282s] -- Up-to-date: /home/david/tesis/superdev_ws/src/my_agv_super/install/my_agv_super/share/my_agv_super/meshes/myagv_all.stl
[0.282s] -- Up-to-date: /home/david/tesis/superdev_ws/src/my_agv_super/install/my_agv_super/share/my_agv_super/meshes/robot_base.stl
[0.282s] -- Up-to-date: /home/david/tesis/superdev_ws/src/my_agv_super/install/my_agv_super/share/my_agv_super/meshes/arm_base.stl
[0.282s] -- Up-to-date: /home/david/tesis/superdev_ws/src/my_agv_super/install/my_agv_super/share/my_agv_super/meshes/myagv_up.dae
[0.283s] -- Up-to-date: /home/david/tesis/superdev_ws/src/my_agv_super/install/my_agv_super/share/my_agv_super/meshes/log
[0.283s] -- Up-to-date: /home/david/tesis/superdev_ws/src/my_agv_super/install/my_agv_super/share/my_agv_super/meshes/log/COLCON_IGNORE
[0.283s] -- Up-to-date: /home/david/tesis/superdev_ws/src/my_agv_super/install/my_agv_super/share/my_agv_super/meshes/log/latest
[0.283s] -- Up-to-date: /home/david/tesis/superdev_ws/src/my_agv_super/install/my_agv_super/share/my_agv_super/meshes/log/latest_build
[0.284s] -- Up-to-date: /home/david/tesis/superdev_ws/src/my_agv_super/install/my_agv_super/share/my_agv_super/meshes/log/build_2024-06-22_21-29-10
[0.284s] -- Up-to-date: /home/david/tesis/superdev_ws/src/my_agv_super/install/my_agv_super/share/my_agv_super/meshes/log/build_2024-06-22_21-29-10/events.log
[0.284s] -- Up-to-date: /home/david/tesis/superdev_ws/src/my_agv_super/install/my_agv_super/share/my_agv_super/meshes/log/build_2024-06-22_21-29-10/logger_all.log
[0.284s] -- Up-to-date: /home/david/tesis/superdev_ws/src/my_agv_super/install/my_agv_super/share/my_agv_super/meshes/myagv_all.dae
[0.284s] -- Up-to-date: /home/david/tesis/superdev_ws/src/my_agv_super/install/my_agv_super/share/my_agv_super/meshes/build
[0.284s] -- Up-to-date: /home/david/tesis/superdev_ws/src/my_agv_super/install/my_agv_super/share/my_agv_super/meshes/build/COLCON_IGNORE
[0.284s] -- Up-to-date: /home/david/tesis/superdev_ws/src/my_agv_super/install/my_agv_super/share/my_agv_super/meshes/build/.built_by
[0.285s] -- Up-to-date: /home/david/tesis/superdev_ws/src/my_agv_super/install/my_agv_super/share/my_agv_super/models
[0.285s] -- Up-to-date: /home/david/tesis/superdev_ws/src/my_agv_super/install/my_agv_super/share/my_agv_super/models/myagv_description
[0.285s] -- Up-to-date: /home/david/tesis/superdev_ws/src/my_agv_super/install/my_agv_super/share/my_agv_super/models/myagv_description/model.config
[0.285s] -- Up-to-date: /home/david/tesis/superdev_ws/src/my_agv_super/install/my_agv_super/share/my_agv_super/models/myagv_description/meshes
[0.286s] -- Up-to-date: /home/david/tesis/superdev_ws/src/my_agv_super/install/my_agv_super/share/my_agv_super/models/myagv_description/meshes/install
[0.287s] -- Up-to-date: /home/david/tesis/superdev_ws/src/my_agv_super/install/my_agv_super/share/my_agv_super/models/myagv_description/meshes/install/setup.bash
[0.288s] -- Up-to-date: /home/david/tesis/superdev_ws/src/my_agv_super/install/my_agv_super/share/my_agv_super/models/myagv_description/meshes/install/.colcon_install_layout
[0.288s] -- Up-to-date: /home/david/tesis/superdev_ws/src/my_agv_super/install/my_agv_super/share/my_agv_super/models/myagv_description/meshes/install/local_setup.bash
[0.288s] -- Up-to-date: /home/david/tesis/superdev_ws/src/my_agv_super/install/my_agv_super/share/my_agv_super/models/myagv_description/meshes/install/COLCON_IGNORE
[0.288s] -- Up-to-date: /home/david/tesis/superdev_ws/src/my_agv_super/install/my_agv_super/share/my_agv_super/models/myagv_description/meshes/install/_local_setup_util_sh.py
[0.288s] -- Up-to-date: /home/david/tesis/superdev_ws/src/my_agv_super/install/my_agv_super/share/my_agv_super/models/myagv_description/meshes/install/local_setup.ps1
[0.289s] -- Up-to-date: /home/david/tesis/superdev_ws/src/my_agv_super/install/my_agv_super/share/my_agv_super/models/myagv_description/meshes/install/_local_setup_util_ps1.py
[0.289s] -- Up-to-date: /home/david/tesis/superdev_ws/src/my_agv_super/install/my_agv_super/share/my_agv_super/models/myagv_description/meshes/install/local_setup.sh
[0.289s] -- Up-to-date: /home/david/tesis/superdev_ws/src/my_agv_super/install/my_agv_super/share/my_agv_super/models/myagv_description/meshes/install/setup.ps1
[0.289s] -- Up-to-date: /home/david/tesis/superdev_ws/src/my_agv_super/install/my_agv_super/share/my_agv_super/models/myagv_description/meshes/install/setup.sh
[0.289s] -- Up-to-date: /home/david/tesis/superdev_ws/src/my_agv_super/install/my_agv_super/share/my_agv_super/models/myagv_description/meshes/install/local_setup.zsh
[0.289s] -- Up-to-date: /home/david/tesis/superdev_ws/src/my_agv_super/install/my_agv_super/share/my_agv_super/models/myagv_description/meshes/install/setup.zsh
[0.290s] -- Up-to-date: /home/david/tesis/superdev_ws/src/my_agv_super/install/my_agv_super/share/my_agv_super/models/myagv_description/meshes/elbow.stl
[0.290s] -- Up-to-date: /home/david/tesis/superdev_ws/src/my_agv_super/install/my_agv_super/share/my_agv_super/models/myagv_description/meshes/wheel.stl
[0.290s] -- Up-to-date: /home/david/tesis/superdev_ws/src/my_agv_super/install/my_agv_super/share/my_agv_super/models/myagv_description/meshes/wrist.stl
[0.290s] -- Up-to-date: /home/david/tesis/superdev_ws/src/my_agv_super/install/my_agv_super/share/my_agv_super/models/myagv_description/meshes/bicep.stl
[0.290s] -- Up-to-date: /home/david/tesis/superdev_ws/src/my_agv_super/install/my_agv_super/share/my_agv_super/models/myagv_description/meshes/hokuyo.dae
[0.291s] -- Up-to-date: /home/david/tesis/superdev_ws/src/my_agv_super/install/my_agv_super/share/my_agv_super/models/myagv_description/meshes/myagv_base.dae
[0.291s] -- Up-to-date: /home/david/tesis/superdev_ws/src/my_agv_super/install/my_agv_super/share/my_agv_super/models/myagv_description/meshes/myagv_all.stl
[0.292s] -- Up-to-date: /home/david/tesis/superdev_ws/src/my_agv_super/install/my_agv_super/share/my_agv_super/models/myagv_description/meshes/robot_base.stl
[0.292s] -- Up-to-date: /home/david/tesis/superdev_ws/src/my_agv_super/install/my_agv_super/share/my_agv_super/models/myagv_description/meshes/arm_base.stl
[0.292s] -- Up-to-date: /home/david/tesis/superdev_ws/src/my_agv_super/install/my_agv_super/share/my_agv_super/models/myagv_description/meshes/myagv_up.dae
[0.292s] -- Up-to-date: /home/david/tesis/superdev_ws/src/my_agv_super/install/my_agv_super/share/my_agv_super/models/myagv_description/meshes/log
[0.292s] -- Up-to-date: /home/david/tesis/superdev_ws/src/my_agv_super/install/my_agv_super/share/my_agv_super/models/myagv_description/meshes/log/COLCON_IGNORE
[0.292s] -- Up-to-date: /home/david/tesis/superdev_ws/src/my_agv_super/install/my_agv_super/share/my_agv_super/models/myagv_description/meshes/log/latest
[0.292s] -- Up-to-date: /home/david/tesis/superdev_ws/src/my_agv_super/install/my_agv_super/share/my_agv_super/models/myagv_description/meshes/log/latest_build
[0.293s] -- Up-to-date: /home/david/tesis/superdev_ws/src/my_agv_super/install/my_agv_super/share/my_agv_super/models/myagv_description/meshes/log/build_2024-06-22_21-29-10
[0.293s] -- Up-to-date: /home/david/tesis/superdev_ws/src/my_agv_super/install/my_agv_super/share/my_agv_super/models/myagv_description/meshes/log/build_2024-06-22_21-29-10/events.log
[0.293s] -- Up-to-date: /home/david/tesis/superdev_ws/src/my_agv_super/install/my_agv_super/share/my_agv_super/models/myagv_description/meshes/log/build_2024-06-22_21-29-10/logger_all.log
[0.293s] -- Up-to-date: /home/david/tesis/superdev_ws/src/my_agv_super/install/my_agv_super/share/my_agv_super/models/myagv_description/meshes/myagv_all.dae
[0.293s] -- Up-to-date: /home/david/tesis/superdev_ws/src/my_agv_super/install/my_agv_super/share/my_agv_super/models/myagv_description/meshes/build
[0.293s] -- Up-to-date: /home/david/tesis/superdev_ws/src/my_agv_super/install/my_agv_super/share/my_agv_super/models/myagv_description/meshes/build/COLCON_IGNORE
[0.293s] -- Up-to-date: /home/david/tesis/superdev_ws/src/my_agv_super/install/my_agv_super/share/my_agv_super/models/myagv_description/meshes/build/.built_by
[0.293s] -- Up-to-date: /home/david/tesis/superdev_ws/src/my_agv_super/install/my_agv_super/share/my_agv_super/models/myagv_description/model.sdf
[0.294s] -- Up-to-date: /home/david/tesis/superdev_ws/src/my_agv_super/install/my_agv_super/share/my_agv_super/models/myagv.urdf
[0.294s] -- Up-to-date: /home/david/tesis/superdev_ws/src/my_agv_super/install/my_agv_super/share/my_agv_super/params
[0.294s] -- Up-to-date: /home/david/tesis/superdev_ws/src/my_agv_super/install/my_agv_super/share/my_agv_super/rviz
[0.295s] -- Up-to-date: /home/david/tesis/superdev_ws/src/my_agv_super/install/my_agv_super/share/my_agv_super/rviz/urdf_config.rviz
[0.295s] -- Up-to-date: /home/david/tesis/superdev_ws/src/my_agv_super/install/my_agv_super/share/my_agv_super/src
[0.295s] -- Up-to-date: /home/david/tesis/superdev_ws/src/my_agv_super/install/my_agv_super/share/my_agv_super/worlds
[0.296s] -- Up-to-date: /home/david/tesis/superdev_ws/src/my_agv_super/install/my_agv_super/share/my_agv_super/worlds/my_agv_world
[0.296s] -- Up-to-date: /home/david/tesis/superdev_ws/src/my_agv_super/install/my_agv_super/share/my_agv_super/worlds/my_agv_world/smalltown.world
[0.297s] -- Up-to-date: /home/david/tesis/superdev_ws/src/my_agv_super/install/my_agv_super/share/my_agv_super/worlds/my_agv_world/warehouse.world
[0.298s] -- Up-to-date: /home/david/tesis/superdev_ws/src/my_agv_super/install/my_agv_super/share/ament_index/resource_index/package_run_dependencies/my_agv_super
[0.300s] -- Up-to-date: /home/david/tesis/superdev_ws/src/my_agv_super/install/my_agv_super/share/ament_index/resource_index/parent_prefix_path/my_agv_super
[0.300s] -- Up-to-date: /home/david/tesis/superdev_ws/src/my_agv_super/install/my_agv_super/share/my_agv_super/environment/ament_prefix_path.sh
[0.301s] -- Up-to-date: /home/david/tesis/superdev_ws/src/my_agv_super/install/my_agv_super/share/my_agv_super/environment/ament_prefix_path.dsv
[0.301s] -- Up-to-date: /home/david/tesis/superdev_ws/src/my_agv_super/install/my_agv_super/share/my_agv_super/environment/path.sh
[0.301s] -- Up-to-date: /home/david/tesis/superdev_ws/src/my_agv_super/install/my_agv_super/share/my_agv_super/environment/path.dsv
[0.301s] -- Up-to-date: /home/david/tesis/superdev_ws/src/my_agv_super/install/my_agv_super/share/my_agv_super/local_setup.bash
[0.301s] -- Up-to-date: /home/david/tesis/superdev_ws/src/my_agv_super/install/my_agv_super/share/my_agv_super/local_setup.sh
[0.301s] -- Up-to-date: /home/david/tesis/superdev_ws/src/my_agv_super/install/my_agv_super/share/my_agv_super/local_setup.zsh
[0.301s] -- Up-to-date: /home/david/tesis/superdev_ws/src/my_agv_super/install/my_agv_super/share/my_agv_super/local_setup.dsv
[0.301s] -- Installing: /home/david/tesis/superdev_ws/src/my_agv_super/install/my_agv_super/share/my_agv_super/package.dsv
[0.302s] -- Up-to-date: /home/david/tesis/superdev_ws/src/my_agv_super/install/my_agv_super/share/ament_index/resource_index/packages/my_agv_super
[0.302s] -- Up-to-date: /home/david/tesis/superdev_ws/src/my_agv_super/install/my_agv_super/share/my_agv_super/cmake/my_agv_superConfig.cmake
[0.303s] -- Up-to-date: /home/david/tesis/superdev_ws/src/my_agv_super/install/my_agv_super/share/my_agv_super/cmake/my_agv_superConfig-version.cmake
[0.303s] -- Up-to-date: /home/david/tesis/superdev_ws/src/my_agv_super/install/my_agv_super/share/my_agv_super/package.xml
[0.306s] Invoked command in '/home/david/tesis/superdev_ws/src/my_agv_super/build/my_agv_super' returned '0': CMAKE_PREFIX_PATH=${CMAKE_PREFIX_PATH}:/opt/ros/humble /usr/bin/cmake --install /home/david/tesis/superdev_ws/src/my_agv_super/build/my_agv_super
