[0.194s] DEBUG:colcon:Command line arguments: ['/usr/bin/colcon', 'build']
[0.194s] DEBUG:colcon:Parsed command line arguments: Namespace(log_base=None, log_level=None, verb_name='build', build_base='build', install_base='install', merge_install=False, symlink_install=False, test_result_base=None, continue_on_error=False, executor='parallel', parallel_workers=8, event_handlers=None, ignore_user_meta=False, metas=['./colcon.meta'], base_paths=['.'], packages_ignore=None, packages_ignore_regex=None, paths=None, packages_up_to=None, packages_up_to_regex=None, packages_above=None, packages_above_and_dependencies=None, packages_above_depth=None, packages_select_by_dep=None, packages_skip_by_dep=None, packages_skip_up_to=None, packages_select_build_failed=False, packages_skip_build_finished=False, packages_select_test_failures=False, packages_skip_test_passed=False, packages_select=None, packages_skip=None, packages_select_regex=None, packages_skip_regex=None, packages_start=None, packages_end=None, allow_overriding=[], cmake_args=None, cmake_target=None, cmake_target_skip_unavailable=False, cmake_clean_cache=False, cmake_clean_first=False, cmake_force_configure=False, ament_cmake_args=None, catkin_cmake_args=None, catkin_skip_building_tests=False, verb_parser=<colcon_defaults.argument_parser.defaults.DefaultArgumentsDecorator object at 0x73ce0462d5a0>, verb_extension=<colcon_core.verb.build.BuildVerb object at 0x73ce047421d0>, main=<bound method BuildVerb.main of <colcon_core.verb.build.BuildVerb object at 0x73ce047421d0>>)
[0.455s] Level 1:colcon.colcon_core.package_discovery:discover_packages(colcon_meta) check parameters
[0.455s] Level 1:colcon.colcon_core.package_discovery:discover_packages(recursive) check parameters
[0.455s] Level 1:colcon.colcon_core.package_discovery:discover_packages(ignore) check parameters
[0.455s] Level 1:colcon.colcon_core.package_discovery:discover_packages(path) check parameters
[0.455s] Level 1:colcon.colcon_core.package_discovery:discover_packages(colcon_meta) discover
[0.455s] Level 1:colcon.colcon_core.package_discovery:discover_packages(recursive) discover
[0.455s] INFO:colcon.colcon_core.package_discovery:Crawling recursively for packages in '/home/david/tesis/superdev_ws/src/my_agv_super'
[0.456s] Level 1:colcon.colcon_core.package_identification:_identify(.) by extensions ['ignore', 'ignore_ament_install']
[0.456s] Level 1:colcon.colcon_core.package_identification:_identify(.) by extension 'ignore'
[0.456s] Level 1:colcon.colcon_core.package_identification:_identify(.) by extension 'ignore_ament_install'
[0.456s] Level 1:colcon.colcon_core.package_identification:_identify(.) by extensions ['colcon_pkg']
[0.456s] Level 1:colcon.colcon_core.package_identification:_identify(.) by extension 'colcon_pkg'
[0.456s] Level 1:colcon.colcon_core.package_identification:_identify(.) by extensions ['colcon_meta']
[0.456s] Level 1:colcon.colcon_core.package_identification:_identify(.) by extension 'colcon_meta'
[0.456s] Level 1:colcon.colcon_core.package_identification:_identify(.) by extensions ['ros']
[0.456s] Level 1:colcon.colcon_core.package_identification:_identify(.) by extension 'ros'
[0.473s] DEBUG:colcon.colcon_core.package_identification:Package '.' with type 'ros.ament_cmake' and name 'my_agv_super'
[0.473s] Level 1:colcon.colcon_core.package_discovery:discover_packages(recursive) using defaults
[0.473s] Level 1:colcon.colcon_core.package_discovery:discover_packages(ignore) discover
[0.473s] Level 1:colcon.colcon_core.package_discovery:discover_packages(ignore) using defaults
[0.473s] Level 1:colcon.colcon_core.package_discovery:discover_packages(path) discover
[0.473s] Level 1:colcon.colcon_core.package_discovery:discover_packages(path) using defaults
[0.503s] Level 1:colcon.colcon_core.package_discovery:discover_packages(prefix_path) check parameters
[0.503s] Level 1:colcon.colcon_core.package_discovery:discover_packages(prefix_path) discover
[0.506s] DEBUG:colcon.colcon_installed_package_information.package_discovery:Found 1 installed packages in /home/david/tesis/superdev_ws/src/my_agv_super/install
[0.507s] DEBUG:colcon.colcon_installed_package_information.package_discovery:Found 1 installed packages in /home/david/ros-humble-ros1-bridge/install
[0.510s] DEBUG:colcon.colcon_installed_package_information.package_discovery:Found 394 installed packages in /opt/ros/humble
[0.514s] Level 1:colcon.colcon_core.package_discovery:discover_packages(prefix_path) using defaults
[0.612s] Level 5:colcon.colcon_core.verb:set package 'my_agv_super' build argument 'cmake_args' from command line to 'None'
[0.613s] Level 5:colcon.colcon_core.verb:set package 'my_agv_super' build argument 'cmake_target' from command line to 'None'
[0.613s] Level 5:colcon.colcon_core.verb:set package 'my_agv_super' build argument 'cmake_target_skip_unavailable' from command line to 'False'
[0.613s] Level 5:colcon.colcon_core.verb:set package 'my_agv_super' build argument 'cmake_clean_cache' from command line to 'False'
[0.613s] Level 5:colcon.colcon_core.verb:set package 'my_agv_super' build argument 'cmake_clean_first' from command line to 'False'
[0.613s] Level 5:colcon.colcon_core.verb:set package 'my_agv_super' build argument 'cmake_force_configure' from command line to 'False'
[0.613s] Level 5:colcon.colcon_core.verb:set package 'my_agv_super' build argument 'ament_cmake_args' from command line to 'None'
[0.613s] Level 5:colcon.colcon_core.verb:set package 'my_agv_super' build argument 'catkin_cmake_args' from command line to 'None'
[0.613s] Level 5:colcon.colcon_core.verb:set package 'my_agv_super' build argument 'catkin_skip_building_tests' from command line to 'False'
[0.613s] DEBUG:colcon.colcon_core.verb:Building package 'my_agv_super' with the following arguments: {'ament_cmake_args': None, 'build_base': '/home/david/tesis/superdev_ws/src/my_agv_super/build/my_agv_super', 'catkin_cmake_args': None, 'catkin_skip_building_tests': False, 'cmake_args': None, 'cmake_clean_cache': False, 'cmake_clean_first': False, 'cmake_force_configure': False, 'cmake_target': None, 'cmake_target_skip_unavailable': False, 'install_base': '/home/david/tesis/superdev_ws/src/my_agv_super/install/my_agv_super', 'merge_install': False, 'path': '/home/david/tesis/superdev_ws/src/my_agv_super', 'symlink_install': False, 'test_result_base': None}
[0.613s] INFO:colcon.colcon_core.executor:Executing jobs using 'parallel' executor
[0.615s] DEBUG:colcon.colcon_parallel_executor.executor.parallel:run_until_complete
[0.615s] INFO:colcon.colcon_ros.task.ament_cmake.build:Building ROS package in '/home/david/tesis/superdev_ws/src/my_agv_super' with build type 'ament_cmake'
[0.615s] INFO:colcon.colcon_cmake.task.cmake.build:Building CMake package in '/home/david/tesis/superdev_ws/src/my_agv_super'
[0.619s] INFO:colcon.colcon_core.plugin_system:Skipping extension 'colcon_core.shell.bat': Not used on non-Windows systems
[0.619s] INFO:colcon.colcon_core.shell:Skip shell extension 'powershell' for command environment: Not usable outside of PowerShell
[0.619s] DEBUG:colcon.colcon_core.shell:Skip shell extension 'dsv' for command environment
[0.639s] DEBUG:colcon.colcon_core.event_handler.log_command:Invoking command in '/home/david/tesis/superdev_ws/src/my_agv_super/build/my_agv_super': CMAKE_PREFIX_PATH=${CMAKE_PREFIX_PATH}:/opt/ros/humble /usr/bin/cmake --build /home/david/tesis/superdev_ws/src/my_agv_super/build/my_agv_super -- -j8 -l8
[0.710s] DEBUG:colcon.colcon_core.event_handler.log_command:Invoked command in '/home/david/tesis/superdev_ws/src/my_agv_super/build/my_agv_super' returned '0': CMAKE_PREFIX_PATH=${CMAKE_PREFIX_PATH}:/opt/ros/humble /usr/bin/cmake --build /home/david/tesis/superdev_ws/src/my_agv_super/build/my_agv_super -- -j8 -l8
[0.778s] DEBUG:colcon.colcon_core.event_handler.log_command:Invoking command in '/home/david/tesis/superdev_ws/src/my_agv_super/build/my_agv_super': CMAKE_PREFIX_PATH=${CMAKE_PREFIX_PATH}:/opt/ros/humble /usr/bin/cmake --install /home/david/tesis/superdev_ws/src/my_agv_super/build/my_agv_super
[0.807s] Level 1:colcon.colcon_core.environment:create_environment_scripts_only(my_agv_super)
[0.826s] DEBUG:colcon.colcon_core.event_handler.log_command:Invoked command in '/home/david/tesis/superdev_ws/src/my_agv_super/build/my_agv_super' returned '0': CMAKE_PREFIX_PATH=${CMAKE_PREFIX_PATH}:/opt/ros/humble /usr/bin/cmake --install /home/david/tesis/superdev_ws/src/my_agv_super/build/my_agv_super
[0.827s] Level 1:colcon.colcon_core.environment:checking '/home/david/tesis/superdev_ws/src/my_agv_super/install/my_agv_super' for CMake module files
[0.828s] Level 1:colcon.colcon_core.environment:checking '/home/david/tesis/superdev_ws/src/my_agv_super/install/my_agv_super' for CMake config files
[0.829s] Level 1:colcon.colcon_core.shell:create_environment_hook('my_agv_super', 'cmake_prefix_path')
[0.829s] INFO:colcon.colcon_core.shell:Creating environment hook '/home/david/tesis/superdev_ws/src/my_agv_super/install/my_agv_super/share/my_agv_super/hook/cmake_prefix_path.ps1'
[0.830s] INFO:colcon.colcon_core.shell:Creating environment descriptor '/home/david/tesis/superdev_ws/src/my_agv_super/install/my_agv_super/share/my_agv_super/hook/cmake_prefix_path.dsv'
[0.830s] INFO:colcon.colcon_core.shell:Creating environment hook '/home/david/tesis/superdev_ws/src/my_agv_super/install/my_agv_super/share/my_agv_super/hook/cmake_prefix_path.sh'
[0.832s] Level 1:colcon.colcon_core.environment:checking '/home/david/tesis/superdev_ws/src/my_agv_super/install/my_agv_super/lib'
[0.832s] Level 1:colcon.colcon_core.environment:checking '/home/david/tesis/superdev_ws/src/my_agv_super/install/my_agv_super/bin'
[0.832s] Level 1:colcon.colcon_core.environment:checking '/home/david/tesis/superdev_ws/src/my_agv_super/install/my_agv_super/lib/pkgconfig/my_agv_super.pc'
[0.832s] Level 1:colcon.colcon_core.environment:checking '/home/david/tesis/superdev_ws/src/my_agv_super/install/my_agv_super/lib/python3.10/site-packages'
[0.832s] Level 1:colcon.colcon_core.environment:checking '/home/david/tesis/superdev_ws/src/my_agv_super/install/my_agv_super/bin'
[0.833s] INFO:colcon.colcon_core.shell:Creating package script '/home/david/tesis/superdev_ws/src/my_agv_super/install/my_agv_super/share/my_agv_super/package.ps1'
[0.834s] INFO:colcon.colcon_core.shell:Creating package descriptor '/home/david/tesis/superdev_ws/src/my_agv_super/install/my_agv_super/share/my_agv_super/package.dsv'
[0.835s] INFO:colcon.colcon_core.shell:Creating package script '/home/david/tesis/superdev_ws/src/my_agv_super/install/my_agv_super/share/my_agv_super/package.sh'
[0.836s] INFO:colcon.colcon_core.shell:Creating package script '/home/david/tesis/superdev_ws/src/my_agv_super/install/my_agv_super/share/my_agv_super/package.bash'
[0.837s] INFO:colcon.colcon_core.shell:Creating package script '/home/david/tesis/superdev_ws/src/my_agv_super/install/my_agv_super/share/my_agv_super/package.zsh'
[0.837s] Level 1:colcon.colcon_core.environment:create_file_with_runtime_dependencies(/home/david/tesis/superdev_ws/src/my_agv_super/install/my_agv_super/share/colcon-core/packages/my_agv_super)
[0.884s] Level 1:colcon.colcon_core.environment:create_environment_scripts_only(my_agv_super)
[0.886s] Level 1:colcon.colcon_core.environment:checking '/home/david/tesis/superdev_ws/src/my_agv_super/install/my_agv_super' for CMake module files
[0.888s] Level 1:colcon.colcon_core.environment:checking '/home/david/tesis/superdev_ws/src/my_agv_super/install/my_agv_super' for CMake config files
[0.889s] Level 1:colcon.colcon_core.shell:create_environment_hook('my_agv_super', 'cmake_prefix_path')
[0.889s] INFO:colcon.colcon_core.shell:Creating environment hook '/home/david/tesis/superdev_ws/src/my_agv_super/install/my_agv_super/share/my_agv_super/hook/cmake_prefix_path.ps1'
[0.890s] INFO:colcon.colcon_core.shell:Creating environment descriptor '/home/david/tesis/superdev_ws/src/my_agv_super/install/my_agv_super/share/my_agv_super/hook/cmake_prefix_path.dsv'
[0.890s] INFO:colcon.colcon_core.shell:Creating environment hook '/home/david/tesis/superdev_ws/src/my_agv_super/install/my_agv_super/share/my_agv_super/hook/cmake_prefix_path.sh'
[0.891s] Level 1:colcon.colcon_core.environment:checking '/home/david/tesis/superdev_ws/src/my_agv_super/install/my_agv_super/lib'
[0.891s] Level 1:colcon.colcon_core.environment:checking '/home/david/tesis/superdev_ws/src/my_agv_super/install/my_agv_super/bin'
[0.891s] Level 1:colcon.colcon_core.environment:checking '/home/david/tesis/superdev_ws/src/my_agv_super/install/my_agv_super/lib/pkgconfig/my_agv_super.pc'
[0.891s] Level 1:colcon.colcon_core.environment:checking '/home/david/tesis/superdev_ws/src/my_agv_super/install/my_agv_super/lib/python3.10/site-packages'
[0.892s] Level 1:colcon.colcon_core.environment:checking '/home/david/tesis/superdev_ws/src/my_agv_super/install/my_agv_super/bin'
[0.892s] INFO:colcon.colcon_core.shell:Creating package script '/home/david/tesis/superdev_ws/src/my_agv_super/install/my_agv_super/share/my_agv_super/package.ps1'
[0.893s] INFO:colcon.colcon_core.shell:Creating package descriptor '/home/david/tesis/superdev_ws/src/my_agv_super/install/my_agv_super/share/my_agv_super/package.dsv'
[0.893s] INFO:colcon.colcon_core.shell:Creating package script '/home/david/tesis/superdev_ws/src/my_agv_super/install/my_agv_super/share/my_agv_super/package.sh'
[0.894s] INFO:colcon.colcon_core.shell:Creating package script '/home/david/tesis/superdev_ws/src/my_agv_super/install/my_agv_super/share/my_agv_super/package.bash'
[0.894s] INFO:colcon.colcon_core.shell:Creating package script '/home/david/tesis/superdev_ws/src/my_agv_super/install/my_agv_super/share/my_agv_super/package.zsh'
[0.895s] Level 1:colcon.colcon_core.environment:create_file_with_runtime_dependencies(/home/david/tesis/superdev_ws/src/my_agv_super/install/my_agv_super/share/colcon-core/packages/my_agv_super)
[0.896s] DEBUG:colcon.colcon_parallel_executor.executor.parallel:closing loop
[0.898s] DEBUG:colcon.colcon_parallel_executor.executor.parallel:loop closed
[0.898s] DEBUG:colcon.colcon_parallel_executor.executor.parallel:run_until_complete finished with '0'
[0.898s] DEBUG:colcon.colcon_core.event_reactor:joining thread
[0.905s] INFO:colcon.colcon_core.plugin_system:Skipping extension 'colcon_notification.desktop_notification.terminal_notifier': Not used on non-Darwin systems
[0.906s] INFO:colcon.colcon_core.plugin_system:Skipping extension 'colcon_notification.desktop_notification.win32': Not used on non-Windows systems
[0.906s] INFO:colcon.colcon_notification.desktop_notification:Sending desktop notification using 'notify2'
[0.931s] DEBUG:colcon.colcon_core.event_reactor:joined thread
[0.932s] INFO:colcon.colcon_core.shell:Creating prefix script '/home/david/tesis/superdev_ws/src/my_agv_super/install/local_setup.ps1'
[0.935s] INFO:colcon.colcon_core.shell:Creating prefix util module '/home/david/tesis/superdev_ws/src/my_agv_super/install/_local_setup_util_ps1.py'
[0.937s] INFO:colcon.colcon_core.shell:Creating prefix chain script '/home/david/tesis/superdev_ws/src/my_agv_super/install/setup.ps1'
[0.939s] INFO:colcon.colcon_core.shell:Creating prefix script '/home/david/tesis/superdev_ws/src/my_agv_super/install/local_setup.sh'
[0.941s] INFO:colcon.colcon_core.shell:Creating prefix util module '/home/david/tesis/superdev_ws/src/my_agv_super/install/_local_setup_util_sh.py'
[0.941s] INFO:colcon.colcon_core.shell:Creating prefix chain script '/home/david/tesis/superdev_ws/src/my_agv_super/install/setup.sh'
[0.945s] INFO:colcon.colcon_core.shell:Creating prefix script '/home/david/tesis/superdev_ws/src/my_agv_super/install/local_setup.bash'
[0.946s] INFO:colcon.colcon_core.shell:Creating prefix chain script '/home/david/tesis/superdev_ws/src/my_agv_super/install/setup.bash'
[0.949s] INFO:colcon.colcon_core.shell:Creating prefix script '/home/david/tesis/superdev_ws/src/my_agv_super/install/local_setup.zsh'
[0.950s] INFO:colcon.colcon_core.shell:Creating prefix chain script '/home/david/tesis/superdev_ws/src/my_agv_super/install/setup.zsh'
