-- Found ament_cmake: 1.3.9 (/opt/ros/humble/share/ament_cmake/cmake)
-- Found ament_lint_auto: 0.12.11 (/opt/ros/humble/share/ament_lint_auto/cmake)
-- Added test 'cppcheck' to perform static code analysis on C / C++ code
-- Configured cppcheck include dirs: 
-- Configured cppcheck exclude dirs and/or files: 
-- Added test 'flake8' to check Python code syntax and style conventions
-- Added test 'lint_cmake' to check CMake code style
-- Added test 'pep257' to check Python code against some of the docstring style conventions in PEP 257
-- Added test 'uncrustify' to check C / C++ code style
-- Configured uncrustify additional arguments: 
-- Added test 'xmllint' to check XML markup files
-- Configuring done
-- Generating done
-- Build files have been written to: /home/david/tesis/superdev_ws/src/my_agv_super/build/my_agv_super
-- Install configuration: ""
-- Up-to-date: /home/david/tesis/superdev_ws/src/my_agv_super/install/my_agv_super/share/my_agv_super/config
-- Up-to-date: /home/david/tesis/superdev_ws/src/my_agv_super/install/my_agv_super/share/my_agv_super/config/ekf.yaml
-- Up-to-date: /home/david/tesis/superdev_ws/src/my_agv_super/install/my_agv_super/share/my_agv_super/launch
-- Up-to-date: /home/david/tesis/superdev_ws/src/my_agv_super/install/my_agv_super/share/my_agv_super/launch/myagv.launch.py
-- Up-to-date: /home/david/tesis/superdev_ws/src/my_agv_super/install/my_agv_super/share/my_agv_super/maps
-- Up-to-date: /home/david/tesis/superdev_ws/src/my_agv_super/install/my_agv_super/share/my_agv_super/meshes
-- Up-to-date: /home/david/tesis/superdev_ws/src/my_agv_super/install/my_agv_super/share/my_agv_super/meshes/install
-- Up-to-date: /home/david/tesis/superdev_ws/src/my_agv_super/install/my_agv_super/share/my_agv_super/meshes/install/setup.bash
-- Up-to-date: /home/david/tesis/superdev_ws/src/my_agv_super/install/my_agv_super/share/my_agv_super/meshes/install/.colcon_install_layout
-- Up-to-date: /home/david/tesis/superdev_ws/src/my_agv_super/install/my_agv_super/share/my_agv_super/meshes/install/local_setup.bash
-- Up-to-date: /home/david/tesis/superdev_ws/src/my_agv_super/install/my_agv_super/share/my_agv_super/meshes/install/COLCON_IGNORE
-- Up-to-date: /home/david/tesis/superdev_ws/src/my_agv_super/install/my_agv_super/share/my_agv_super/meshes/install/_local_setup_util_sh.py
-- Up-to-date: /home/david/tesis/superdev_ws/src/my_agv_super/install/my_agv_super/share/my_agv_super/meshes/install/local_setup.ps1
-- Up-to-date: /home/david/tesis/superdev_ws/src/my_agv_super/install/my_agv_super/share/my_agv_super/meshes/install/_local_setup_util_ps1.py
-- Up-to-date: /home/david/tesis/superdev_ws/src/my_agv_super/install/my_agv_super/share/my_agv_super/meshes/install/local_setup.sh
-- Up-to-date: /home/david/tesis/superdev_ws/src/my_agv_super/install/my_agv_super/share/my_agv_super/meshes/install/setup.ps1
-- Up-to-date: /home/david/tesis/superdev_ws/src/my_agv_super/install/my_agv_super/share/my_agv_super/meshes/install/setup.sh
-- Up-to-date: /home/david/tesis/superdev_ws/src/my_agv_super/install/my_agv_super/share/my_agv_super/meshes/install/local_setup.zsh
-- Up-to-date: /home/david/tesis/superdev_ws/src/my_agv_super/install/my_agv_super/share/my_agv_super/meshes/install/setup.zsh
-- Up-to-date: /home/david/tesis/superdev_ws/src/my_agv_super/install/my_agv_super/share/my_agv_super/meshes/elbow.stl
-- Up-to-date: /home/david/tesis/superdev_ws/src/my_agv_super/install/my_agv_super/share/my_agv_super/meshes/wheel.stl
-- Up-to-date: /home/david/tesis/superdev_ws/src/my_agv_super/install/my_agv_super/share/my_agv_super/meshes/wrist.stl
-- Up-to-date: /home/david/tesis/superdev_ws/src/my_agv_super/install/my_agv_super/share/my_agv_super/meshes/bicep.stl
-- Up-to-date: /home/david/tesis/superdev_ws/src/my_agv_super/install/my_agv_super/share/my_agv_super/meshes/hokuyo.dae
-- Up-to-date: /home/david/tesis/superdev_ws/src/my_agv_super/install/my_agv_super/share/my_agv_super/meshes/myagv_base.dae
-- Up-to-date: /home/david/tesis/superdev_ws/src/my_agv_super/install/my_agv_super/share/my_agv_super/meshes/myagv_all.stl
-- Up-to-date: /home/david/tesis/superdev_ws/src/my_agv_super/install/my_agv_super/share/my_agv_super/meshes/robot_base.stl
-- Up-to-date: /home/david/tesis/superdev_ws/src/my_agv_super/install/my_agv_super/share/my_agv_super/meshes/arm_base.stl
-- Up-to-date: /home/david/tesis/superdev_ws/src/my_agv_super/install/my_agv_super/share/my_agv_super/meshes/myagv_up.dae
-- Up-to-date: /home/david/tesis/superdev_ws/src/my_agv_super/install/my_agv_super/share/my_agv_super/meshes/log
-- Up-to-date: /home/david/tesis/superdev_ws/src/my_agv_super/install/my_agv_super/share/my_agv_super/meshes/log/COLCON_IGNORE
-- Up-to-date: /home/david/tesis/superdev_ws/src/my_agv_super/install/my_agv_super/share/my_agv_super/meshes/log/latest
-- Up-to-date: /home/david/tesis/superdev_ws/src/my_agv_super/install/my_agv_super/share/my_agv_super/meshes/log/latest_build
-- Up-to-date: /home/david/tesis/superdev_ws/src/my_agv_super/install/my_agv_super/share/my_agv_super/meshes/log/build_2024-06-22_21-29-10
-- Up-to-date: /home/david/tesis/superdev_ws/src/my_agv_super/install/my_agv_super/share/my_agv_super/meshes/log/build_2024-06-22_21-29-10/events.log
-- Up-to-date: /home/david/tesis/superdev_ws/src/my_agv_super/install/my_agv_super/share/my_agv_super/meshes/log/build_2024-06-22_21-29-10/logger_all.log
-- Up-to-date: /home/david/tesis/superdev_ws/src/my_agv_super/install/my_agv_super/share/my_agv_super/meshes/myagv_all.dae
-- Up-to-date: /home/david/tesis/superdev_ws/src/my_agv_super/install/my_agv_super/share/my_agv_super/meshes/build
-- Up-to-date: /home/david/tesis/superdev_ws/src/my_agv_super/install/my_agv_super/share/my_agv_super/meshes/build/COLCON_IGNORE
-- Up-to-date: /home/david/tesis/superdev_ws/src/my_agv_super/install/my_agv_super/share/my_agv_super/meshes/build/.built_by
-- Up-to-date: /home/david/tesis/superdev_ws/src/my_agv_super/install/my_agv_super/share/my_agv_super/models
-- Up-to-date: /home/david/tesis/superdev_ws/src/my_agv_super/install/my_agv_super/share/my_agv_super/models/myagv_description
-- Up-to-date: /home/david/tesis/superdev_ws/src/my_agv_super/install/my_agv_super/share/my_agv_super/models/myagv_description/model.config
-- Up-to-date: /home/david/tesis/superdev_ws/src/my_agv_super/install/my_agv_super/share/my_agv_super/models/myagv_description/meshes
-- Up-to-date: /home/david/tesis/superdev_ws/src/my_agv_super/install/my_agv_super/share/my_agv_super/models/myagv_description/meshes/install
-- Up-to-date: /home/david/tesis/superdev_ws/src/my_agv_super/install/my_agv_super/share/my_agv_super/models/myagv_description/meshes/install/setup.bash
-- Up-to-date: /home/david/tesis/superdev_ws/src/my_agv_super/install/my_agv_super/share/my_agv_super/models/myagv_description/meshes/install/.colcon_install_layout
-- Up-to-date: /home/david/tesis/superdev_ws/src/my_agv_super/install/my_agv_super/share/my_agv_super/models/myagv_description/meshes/install/local_setup.bash
-- Up-to-date: /home/david/tesis/superdev_ws/src/my_agv_super/install/my_agv_super/share/my_agv_super/models/myagv_description/meshes/install/COLCON_IGNORE
-- Up-to-date: /home/david/tesis/superdev_ws/src/my_agv_super/install/my_agv_super/share/my_agv_super/models/myagv_description/meshes/install/_local_setup_util_sh.py
-- Up-to-date: /home/david/tesis/superdev_ws/src/my_agv_super/install/my_agv_super/share/my_agv_super/models/myagv_description/meshes/install/local_setup.ps1
-- Up-to-date: /home/david/tesis/superdev_ws/src/my_agv_super/install/my_agv_super/share/my_agv_super/models/myagv_description/meshes/install/_local_setup_util_ps1.py
-- Up-to-date: /home/david/tesis/superdev_ws/src/my_agv_super/install/my_agv_super/share/my_agv_super/models/myagv_description/meshes/install/local_setup.sh
-- Up-to-date: /home/david/tesis/superdev_ws/src/my_agv_super/install/my_agv_super/share/my_agv_super/models/myagv_description/meshes/install/setup.ps1
-- Up-to-date: /home/david/tesis/superdev_ws/src/my_agv_super/install/my_agv_super/share/my_agv_super/models/myagv_description/meshes/install/setup.sh
-- Up-to-date: /home/david/tesis/superdev_ws/src/my_agv_super/install/my_agv_super/share/my_agv_super/models/myagv_description/meshes/install/local_setup.zsh
-- Up-to-date: /home/david/tesis/superdev_ws/src/my_agv_super/install/my_agv_super/share/my_agv_super/models/myagv_description/meshes/install/setup.zsh
-- Up-to-date: /home/david/tesis/superdev_ws/src/my_agv_super/install/my_agv_super/share/my_agv_super/models/myagv_description/meshes/elbow.stl
-- Up-to-date: /home/david/tesis/superdev_ws/src/my_agv_super/install/my_agv_super/share/my_agv_super/models/myagv_description/meshes/wheel.stl
-- Up-to-date: /home/david/tesis/superdev_ws/src/my_agv_super/install/my_agv_super/share/my_agv_super/models/myagv_description/meshes/wrist.stl
-- Up-to-date: /home/david/tesis/superdev_ws/src/my_agv_super/install/my_agv_super/share/my_agv_super/models/myagv_description/meshes/bicep.stl
-- Up-to-date: /home/david/tesis/superdev_ws/src/my_agv_super/install/my_agv_super/share/my_agv_super/models/myagv_description/meshes/hokuyo.dae
-- Up-to-date: /home/david/tesis/superdev_ws/src/my_agv_super/install/my_agv_super/share/my_agv_super/models/myagv_description/meshes/myagv_base.dae
-- Up-to-date: /home/david/tesis/superdev_ws/src/my_agv_super/install/my_agv_super/share/my_agv_super/models/myagv_description/meshes/myagv_all.stl
-- Up-to-date: /home/david/tesis/superdev_ws/src/my_agv_super/install/my_agv_super/share/my_agv_super/models/myagv_description/meshes/robot_base.stl
-- Up-to-date: /home/david/tesis/superdev_ws/src/my_agv_super/install/my_agv_super/share/my_agv_super/models/myagv_description/meshes/arm_base.stl
-- Up-to-date: /home/david/tesis/superdev_ws/src/my_agv_super/install/my_agv_super/share/my_agv_super/models/myagv_description/meshes/myagv_up.dae
-- Up-to-date: /home/david/tesis/superdev_ws/src/my_agv_super/install/my_agv_super/share/my_agv_super/models/myagv_description/meshes/log
-- Up-to-date: /home/david/tesis/superdev_ws/src/my_agv_super/install/my_agv_super/share/my_agv_super/models/myagv_description/meshes/log/COLCON_IGNORE
-- Up-to-date: /home/david/tesis/superdev_ws/src/my_agv_super/install/my_agv_super/share/my_agv_super/models/myagv_description/meshes/log/latest
-- Up-to-date: /home/david/tesis/superdev_ws/src/my_agv_super/install/my_agv_super/share/my_agv_super/models/myagv_description/meshes/log/latest_build
-- Up-to-date: /home/david/tesis/superdev_ws/src/my_agv_super/install/my_agv_super/share/my_agv_super/models/myagv_description/meshes/log/build_2024-06-22_21-29-10
-- Up-to-date: /home/david/tesis/superdev_ws/src/my_agv_super/install/my_agv_super/share/my_agv_super/models/myagv_description/meshes/log/build_2024-06-22_21-29-10/events.log
-- Up-to-date: /home/david/tesis/superdev_ws/src/my_agv_super/install/my_agv_super/share/my_agv_super/models/myagv_description/meshes/log/build_2024-06-22_21-29-10/logger_all.log
-- Up-to-date: /home/david/tesis/superdev_ws/src/my_agv_super/install/my_agv_super/share/my_agv_super/models/myagv_description/meshes/myagv_all.dae
-- Up-to-date: /home/david/tesis/superdev_ws/src/my_agv_super/install/my_agv_super/share/my_agv_super/models/myagv_description/meshes/build
-- Up-to-date: /home/david/tesis/superdev_ws/src/my_agv_super/install/my_agv_super/share/my_agv_super/models/myagv_description/meshes/build/COLCON_IGNORE
-- Up-to-date: /home/david/tesis/superdev_ws/src/my_agv_super/install/my_agv_super/share/my_agv_super/models/myagv_description/meshes/build/.built_by
-- Up-to-date: /home/david/tesis/superdev_ws/src/my_agv_super/install/my_agv_super/share/my_agv_super/models/myagv_description/model.sdf
-- Up-to-date: /home/david/tesis/superdev_ws/src/my_agv_super/install/my_agv_super/share/my_agv_super/models/myagv.urdf
-- Up-to-date: /home/david/tesis/superdev_ws/src/my_agv_super/install/my_agv_super/share/my_agv_super/models/ground_plane
-- Up-to-date: /home/david/tesis/superdev_ws/src/my_agv_super/install/my_agv_super/share/my_agv_super/models/ground_plane/model.config
-- Up-to-date: /home/david/tesis/superdev_ws/src/my_agv_super/install/my_agv_super/share/my_agv_super/models/ground_plane/model.sdf
-- Up-to-date: /home/david/tesis/superdev_ws/src/my_agv_super/install/my_agv_super/share/my_agv_super/models/ground_plane/model-1_4.sdf
-- Up-to-date: /home/david/tesis/superdev_ws/src/my_agv_super/install/my_agv_super/share/my_agv_super/models/ground_plane/model-1_3.sdf
-- Up-to-date: /home/david/tesis/superdev_ws/src/my_agv_super/install/my_agv_super/share/my_agv_super/models/ground_plane/model-1_2.sdf
-- Up-to-date: /home/david/tesis/superdev_ws/src/my_agv_super/install/my_agv_super/share/my_agv_super/params
-- Up-to-date: /home/david/tesis/superdev_ws/src/my_agv_super/install/my_agv_super/share/my_agv_super/rviz
-- Up-to-date: /home/david/tesis/superdev_ws/src/my_agv_super/install/my_agv_super/share/my_agv_super/rviz/urdf_config.rviz
-- Up-to-date: /home/david/tesis/superdev_ws/src/my_agv_super/install/my_agv_super/share/my_agv_super/src
-- Up-to-date: /home/david/tesis/superdev_ws/src/my_agv_super/install/my_agv_super/share/my_agv_super/worlds
-- Up-to-date: /home/david/tesis/superdev_ws/src/my_agv_super/install/my_agv_super/share/my_agv_super/worlds/my_agv_world
-- Up-to-date: /home/david/tesis/superdev_ws/src/my_agv_super/install/my_agv_super/share/my_agv_super/worlds/my_agv_world/smalltown.world
-- Up-to-date: /home/david/tesis/superdev_ws/src/my_agv_super/install/my_agv_super/share/my_agv_super/worlds/my_agv_world/house.world
-- Up-to-date: /home/david/tesis/superdev_ws/src/my_agv_super/install/my_agv_super/share/my_agv_super/worlds/my_agv_world/cafe.world
-- Up-to-date: /home/david/tesis/superdev_ws/src/my_agv_super/install/my_agv_super/share/my_agv_super/worlds/my_agv_world/warehouse.world
-- Installing: /home/david/tesis/superdev_ws/src/my_agv_super/install/my_agv_super/share/my_agv_super/scripts
-- Installing: /home/david/tesis/superdev_ws/src/my_agv_super/install/my_agv_super/share/my_agv_super/scripts/teleop.py
-- Installing: /home/david/tesis/superdev_ws/src/my_agv_super/install/my_agv_super/share/my_agv_super/scripts/teleop_fix.py
-- Up-to-date: /home/david/tesis/superdev_ws/src/my_agv_super/install/my_agv_super/share/ament_index/resource_index/package_run_dependencies/my_agv_super
-- Up-to-date: /home/david/tesis/superdev_ws/src/my_agv_super/install/my_agv_super/share/ament_index/resource_index/parent_prefix_path/my_agv_super
-- Up-to-date: /home/david/tesis/superdev_ws/src/my_agv_super/install/my_agv_super/share/my_agv_super/environment/ament_prefix_path.sh
-- Installing: /home/david/tesis/superdev_ws/src/my_agv_super/install/my_agv_super/share/my_agv_super/environment/ament_prefix_path.dsv
-- Up-to-date: /home/david/tesis/superdev_ws/src/my_agv_super/install/my_agv_super/share/my_agv_super/environment/path.sh
-- Installing: /home/david/tesis/superdev_ws/src/my_agv_super/install/my_agv_super/share/my_agv_super/environment/path.dsv
-- Up-to-date: /home/david/tesis/superdev_ws/src/my_agv_super/install/my_agv_super/share/my_agv_super/local_setup.bash
-- Up-to-date: /home/david/tesis/superdev_ws/src/my_agv_super/install/my_agv_super/share/my_agv_super/local_setup.sh
-- Up-to-date: /home/david/tesis/superdev_ws/src/my_agv_super/install/my_agv_super/share/my_agv_super/local_setup.zsh
-- Installing: /home/david/tesis/superdev_ws/src/my_agv_super/install/my_agv_super/share/my_agv_super/local_setup.dsv
-- Installing: /home/david/tesis/superdev_ws/src/my_agv_super/install/my_agv_super/share/my_agv_super/package.dsv
-- Up-to-date: /home/david/tesis/superdev_ws/src/my_agv_super/install/my_agv_super/share/ament_index/resource_index/packages/my_agv_super
-- Up-to-date: /home/david/tesis/superdev_ws/src/my_agv_super/install/my_agv_super/share/my_agv_super/cmake/my_agv_superConfig.cmake
-- Up-to-date: /home/david/tesis/superdev_ws/src/my_agv_super/install/my_agv_super/share/my_agv_super/cmake/my_agv_superConfig-version.cmake
-- Up-to-date: /home/david/tesis/superdev_ws/src/my_agv_super/install/my_agv_super/share/my_agv_super/package.xml
