[0.163s] DEBUG:colcon:Command line arguments: ['/usr/bin/colcon', 'build']
[0.163s] DEBUG:colcon:Parsed command line arguments: Namespace(log_base=None, log_level=None, verb_name='build', build_base='build', install_base='install', merge_install=False, symlink_install=False, test_result_base=None, continue_on_error=False, executor='parallel', parallel_workers=8, event_handlers=None, ignore_user_meta=False, metas=['./colcon.meta'], base_paths=['.'], packages_ignore=None, packages_ignore_regex=None, paths=None, packages_up_to=None, packages_up_to_regex=None, packages_above=None, packages_above_and_dependencies=None, packages_above_depth=None, packages_select_by_dep=None, packages_skip_by_dep=None, packages_skip_up_to=None, packages_select_build_failed=False, packages_skip_build_finished=False, packages_select_test_failures=False, packages_skip_test_passed=False, packages_select=None, packages_skip=None, packages_select_regex=None, packages_skip_regex=None, packages_start=None, packages_end=None, allow_overriding=[], cmake_args=None, cmake_target=None, cmake_target_skip_unavailable=False, cmake_clean_cache=False, cmake_clean_first=False, cmake_force_configure=False, ament_cmake_args=None, catkin_cmake_args=None, catkin_skip_building_tests=False, verb_parser=<colcon_defaults.argument_parser.defaults.DefaultArgumentsDecorator object at 0x7d8e77e2d5a0>, verb_extension=<colcon_core.verb.build.BuildVerb object at 0x7d8e77f461d0>, main=<bound method BuildVerb.main of <colcon_core.verb.build.BuildVerb object at 0x7d8e77f461d0>>)
[0.421s] Level 1:colcon.colcon_core.package_discovery:discover_packages(colcon_meta) check parameters
[0.422s] Level 1:colcon.colcon_core.package_discovery:discover_packages(recursive) check parameters
[0.422s] Level 1:colcon.colcon_core.package_discovery:discover_packages(ignore) check parameters
[0.422s] Level 1:colcon.colcon_core.package_discovery:discover_packages(path) check parameters
[0.422s] Level 1:colcon.colcon_core.package_discovery:discover_packages(colcon_meta) discover
[0.422s] Level 1:colcon.colcon_core.package_discovery:discover_packages(recursive) discover
[0.422s] INFO:colcon.colcon_core.package_discovery:Crawling recursively for packages in '/home/david/tesis/superdev_ws/src/my_agv_super'
[0.422s] Level 1:colcon.colcon_core.package_identification:_identify(.) by extensions ['ignore', 'ignore_ament_install']
[0.422s] Level 1:colcon.colcon_core.package_identification:_identify(.) by extension 'ignore'
[0.422s] Level 1:colcon.colcon_core.package_identification:_identify(.) by extension 'ignore_ament_install'
[0.423s] Level 1:colcon.colcon_core.package_identification:_identify(.) by extensions ['colcon_pkg']
[0.423s] Level 1:colcon.colcon_core.package_identification:_identify(.) by extension 'colcon_pkg'
[0.423s] Level 1:colcon.colcon_core.package_identification:_identify(.) by extensions ['colcon_meta']
[0.423s] Level 1:colcon.colcon_core.package_identification:_identify(.) by extension 'colcon_meta'
[0.423s] Level 1:colcon.colcon_core.package_identification:_identify(.) by extensions ['ros']
[0.423s] Level 1:colcon.colcon_core.package_identification:_identify(.) by extension 'ros'
[0.440s] DEBUG:colcon.colcon_core.package_identification:Package '.' with type 'ros.ament_cmake' and name 'my_agv_super'
[0.441s] Level 1:colcon.colcon_core.package_discovery:discover_packages(recursive) using defaults
[0.441s] Level 1:colcon.colcon_core.package_discovery:discover_packages(ignore) discover
[0.441s] Level 1:colcon.colcon_core.package_discovery:discover_packages(ignore) using defaults
[0.441s] Level 1:colcon.colcon_core.package_discovery:discover_packages(path) discover
[0.441s] Level 1:colcon.colcon_core.package_discovery:discover_packages(path) using defaults
[0.471s] Level 1:colcon.colcon_core.package_discovery:discover_packages(prefix_path) check parameters
[0.471s] Level 1:colcon.colcon_core.package_discovery:discover_packages(prefix_path) discover
[0.473s] DEBUG:colcon.colcon_installed_package_information.package_discovery:Found 1 installed packages in /home/david/tesis/superdev_ws/src/my_agv_super/install
[0.474s] DEBUG:colcon.colcon_installed_package_information.package_discovery:Found 1 installed packages in /home/david/ros-humble-ros1-bridge/install
[0.477s] DEBUG:colcon.colcon_installed_package_information.package_discovery:Found 397 installed packages in /opt/ros/humble
[0.480s] Level 1:colcon.colcon_core.package_discovery:discover_packages(prefix_path) using defaults
[0.587s] Level 5:colcon.colcon_core.verb:set package 'my_agv_super' build argument 'cmake_args' from command line to 'None'
[0.587s] Level 5:colcon.colcon_core.verb:set package 'my_agv_super' build argument 'cmake_target' from command line to 'None'
[0.587s] Level 5:colcon.colcon_core.verb:set package 'my_agv_super' build argument 'cmake_target_skip_unavailable' from command line to 'False'
[0.587s] Level 5:colcon.colcon_core.verb:set package 'my_agv_super' build argument 'cmake_clean_cache' from command line to 'False'
[0.587s] Level 5:colcon.colcon_core.verb:set package 'my_agv_super' build argument 'cmake_clean_first' from command line to 'False'
[0.587s] Level 5:colcon.colcon_core.verb:set package 'my_agv_super' build argument 'cmake_force_configure' from command line to 'False'
[0.587s] Level 5:colcon.colcon_core.verb:set package 'my_agv_super' build argument 'ament_cmake_args' from command line to 'None'
[0.587s] Level 5:colcon.colcon_core.verb:set package 'my_agv_super' build argument 'catkin_cmake_args' from command line to 'None'
[0.587s] Level 5:colcon.colcon_core.verb:set package 'my_agv_super' build argument 'catkin_skip_building_tests' from command line to 'False'
[0.587s] DEBUG:colcon.colcon_core.verb:Building package 'my_agv_super' with the following arguments: {'ament_cmake_args': None, 'build_base': '/home/david/tesis/superdev_ws/src/my_agv_super/build/my_agv_super', 'catkin_cmake_args': None, 'catkin_skip_building_tests': False, 'cmake_args': None, 'cmake_clean_cache': False, 'cmake_clean_first': False, 'cmake_force_configure': False, 'cmake_target': None, 'cmake_target_skip_unavailable': False, 'install_base': '/home/david/tesis/superdev_ws/src/my_agv_super/install/my_agv_super', 'merge_install': False, 'path': '/home/david/tesis/superdev_ws/src/my_agv_super', 'symlink_install': False, 'test_result_base': None}
[0.588s] INFO:colcon.colcon_core.executor:Executing jobs using 'parallel' executor
[0.590s] DEBUG:colcon.colcon_parallel_executor.executor.parallel:run_until_complete
[0.591s] INFO:colcon.colcon_ros.task.ament_cmake.build:Building ROS package in '/home/david/tesis/superdev_ws/src/my_agv_super' with build type 'ament_cmake'
[0.591s] INFO:colcon.colcon_cmake.task.cmake.build:Building CMake package in '/home/david/tesis/superdev_ws/src/my_agv_super'
[0.597s] INFO:colcon.colcon_core.plugin_system:Skipping extension 'colcon_core.shell.bat': Not used on non-Windows systems
[0.597s] INFO:colcon.colcon_core.shell:Skip shell extension 'powershell' for command environment: Not usable outside of PowerShell
[0.597s] DEBUG:colcon.colcon_core.shell:Skip shell extension 'dsv' for command environment
[0.624s] DEBUG:colcon.colcon_core.event_handler.log_command:Invoking command in '/home/david/tesis/superdev_ws/src/my_agv_super/build/my_agv_super': CMAKE_PREFIX_PATH=${CMAKE_PREFIX_PATH}:/opt/ros/humble /usr/bin/cmake --build /home/david/tesis/superdev_ws/src/my_agv_super/build/my_agv_super -- -j8 -l8
[0.709s] DEBUG:colcon.colcon_core.event_handler.log_command:Invoked command in '/home/david/tesis/superdev_ws/src/my_agv_super/build/my_agv_super' returned '0': CMAKE_PREFIX_PATH=${CMAKE_PREFIX_PATH}:/opt/ros/humble /usr/bin/cmake --build /home/david/tesis/superdev_ws/src/my_agv_super/build/my_agv_super -- -j8 -l8
[0.779s] DEBUG:colcon.colcon_core.event_handler.log_command:Invoking command in '/home/david/tesis/superdev_ws/src/my_agv_super/build/my_agv_super': CMAKE_PREFIX_PATH=${CMAKE_PREFIX_PATH}:/opt/ros/humble /usr/bin/cmake --install /home/david/tesis/superdev_ws/src/my_agv_super/build/my_agv_super
[0.816s] Level 1:colcon.colcon_core.environment:create_environment_scripts_only(my_agv_super)
[0.844s] Level 1:colcon.colcon_core.environment:checking '/home/david/tesis/superdev_ws/src/my_agv_super/install/my_agv_super' for CMake module files
[0.846s] DEBUG:colcon.colcon_core.event_handler.log_command:Invoked command in '/home/david/tesis/superdev_ws/src/my_agv_super/build/my_agv_super' returned '0': CMAKE_PREFIX_PATH=${CMAKE_PREFIX_PATH}:/opt/ros/humble /usr/bin/cmake --install /home/david/tesis/superdev_ws/src/my_agv_super/build/my_agv_super
[0.847s] Level 1:colcon.colcon_core.environment:checking '/home/david/tesis/superdev_ws/src/my_agv_super/install/my_agv_super' for CMake config files
[0.848s] Level 1:colcon.colcon_core.shell:create_environment_hook('my_agv_super', 'cmake_prefix_path')
[0.849s] INFO:colcon.colcon_core.shell:Creating environment hook '/home/david/tesis/superdev_ws/src/my_agv_super/install/my_agv_super/share/my_agv_super/hook/cmake_prefix_path.ps1'
[0.850s] INFO:colcon.colcon_core.shell:Creating environment descriptor '/home/david/tesis/superdev_ws/src/my_agv_super/install/my_agv_super/share/my_agv_super/hook/cmake_prefix_path.dsv'
[0.850s] INFO:colcon.colcon_core.shell:Creating environment hook '/home/david/tesis/superdev_ws/src/my_agv_super/install/my_agv_super/share/my_agv_super/hook/cmake_prefix_path.sh'
[0.852s] Level 1:colcon.colcon_core.environment:checking '/home/david/tesis/superdev_ws/src/my_agv_super/install/my_agv_super/lib'
[0.852s] Level 1:colcon.colcon_core.environment:checking '/home/david/tesis/superdev_ws/src/my_agv_super/install/my_agv_super/bin'
[0.852s] Level 1:colcon.colcon_core.environment:checking '/home/david/tesis/superdev_ws/src/my_agv_super/install/my_agv_super/lib/pkgconfig/my_agv_super.pc'
[0.853s] Level 1:colcon.colcon_core.environment:checking '/home/david/tesis/superdev_ws/src/my_agv_super/install/my_agv_super/lib/python3.10/site-packages'
[0.853s] Level 1:colcon.colcon_core.environment:checking '/home/david/tesis/superdev_ws/src/my_agv_super/install/my_agv_super/bin'
[0.853s] INFO:colcon.colcon_core.shell:Creating package script '/home/david/tesis/superdev_ws/src/my_agv_super/install/my_agv_super/share/my_agv_super/package.ps1'
[0.854s] INFO:colcon.colcon_core.shell:Creating package descriptor '/home/david/tesis/superdev_ws/src/my_agv_super/install/my_agv_super/share/my_agv_super/package.dsv'
[0.855s] INFO:colcon.colcon_core.shell:Creating package script '/home/david/tesis/superdev_ws/src/my_agv_super/install/my_agv_super/share/my_agv_super/package.sh'
[0.856s] INFO:colcon.colcon_core.shell:Creating package script '/home/david/tesis/superdev_ws/src/my_agv_super/install/my_agv_super/share/my_agv_super/package.bash'
[0.858s] INFO:colcon.colcon_core.shell:Creating package script '/home/david/tesis/superdev_ws/src/my_agv_super/install/my_agv_super/share/my_agv_super/package.zsh'
[0.860s] Level 1:colcon.colcon_core.environment:create_file_with_runtime_dependencies(/home/david/tesis/superdev_ws/src/my_agv_super/install/my_agv_super/share/colcon-core/packages/my_agv_super)
[0.906s] Level 1:colcon.colcon_core.environment:create_environment_scripts_only(my_agv_super)
[0.907s] Level 1:colcon.colcon_core.environment:checking '/home/david/tesis/superdev_ws/src/my_agv_super/install/my_agv_super' for CMake module files
[0.908s] Level 1:colcon.colcon_core.environment:checking '/home/david/tesis/superdev_ws/src/my_agv_super/install/my_agv_super' for CMake config files
[0.909s] Level 1:colcon.colcon_core.shell:create_environment_hook('my_agv_super', 'cmake_prefix_path')
[0.910s] INFO:colcon.colcon_core.shell:Creating environment hook '/home/david/tesis/superdev_ws/src/my_agv_super/install/my_agv_super/share/my_agv_super/hook/cmake_prefix_path.ps1'
[0.911s] INFO:colcon.colcon_core.shell:Creating environment descriptor '/home/david/tesis/superdev_ws/src/my_agv_super/install/my_agv_super/share/my_agv_super/hook/cmake_prefix_path.dsv'
[0.912s] INFO:colcon.colcon_core.shell:Creating environment hook '/home/david/tesis/superdev_ws/src/my_agv_super/install/my_agv_super/share/my_agv_super/hook/cmake_prefix_path.sh'
[0.913s] Level 1:colcon.colcon_core.environment:checking '/home/david/tesis/superdev_ws/src/my_agv_super/install/my_agv_super/lib'
[0.913s] Level 1:colcon.colcon_core.environment:checking '/home/david/tesis/superdev_ws/src/my_agv_super/install/my_agv_super/bin'
[0.913s] Level 1:colcon.colcon_core.environment:checking '/home/david/tesis/superdev_ws/src/my_agv_super/install/my_agv_super/lib/pkgconfig/my_agv_super.pc'
[0.913s] Level 1:colcon.colcon_core.environment:checking '/home/david/tesis/superdev_ws/src/my_agv_super/install/my_agv_super/lib/python3.10/site-packages'
[0.913s] Level 1:colcon.colcon_core.environment:checking '/home/david/tesis/superdev_ws/src/my_agv_super/install/my_agv_super/bin'
[0.914s] INFO:colcon.colcon_core.shell:Creating package script '/home/david/tesis/superdev_ws/src/my_agv_super/install/my_agv_super/share/my_agv_super/package.ps1'
[0.915s] INFO:colcon.colcon_core.shell:Creating package descriptor '/home/david/tesis/superdev_ws/src/my_agv_super/install/my_agv_super/share/my_agv_super/package.dsv'
[0.915s] INFO:colcon.colcon_core.shell:Creating package script '/home/david/tesis/superdev_ws/src/my_agv_super/install/my_agv_super/share/my_agv_super/package.sh'
[0.916s] INFO:colcon.colcon_core.shell:Creating package script '/home/david/tesis/superdev_ws/src/my_agv_super/install/my_agv_super/share/my_agv_super/package.bash'
[0.916s] INFO:colcon.colcon_core.shell:Creating package script '/home/david/tesis/superdev_ws/src/my_agv_super/install/my_agv_super/share/my_agv_super/package.zsh'
[0.917s] Level 1:colcon.colcon_core.environment:create_file_with_runtime_dependencies(/home/david/tesis/superdev_ws/src/my_agv_super/install/my_agv_super/share/colcon-core/packages/my_agv_super)
[0.917s] DEBUG:colcon.colcon_parallel_executor.executor.parallel:closing loop
[0.919s] DEBUG:colcon.colcon_parallel_executor.executor.parallel:loop closed
[0.919s] DEBUG:colcon.colcon_parallel_executor.executor.parallel:run_until_complete finished with '0'
[0.920s] DEBUG:colcon.colcon_core.event_reactor:joining thread
[0.928s] INFO:colcon.colcon_core.plugin_system:Skipping extension 'colcon_notification.desktop_notification.terminal_notifier': Not used on non-Darwin systems
[0.929s] INFO:colcon.colcon_core.plugin_system:Skipping extension 'colcon_notification.desktop_notification.win32': Not used on non-Windows systems
[0.929s] INFO:colcon.colcon_notification.desktop_notification:Sending desktop notification using 'notify2'
[0.952s] DEBUG:colcon.colcon_core.event_reactor:joined thread
[0.952s] INFO:colcon.colcon_core.shell:Creating prefix script '/home/david/tesis/superdev_ws/src/my_agv_super/install/local_setup.ps1'
[0.953s] INFO:colcon.colcon_core.shell:Creating prefix util module '/home/david/tesis/superdev_ws/src/my_agv_super/install/_local_setup_util_ps1.py'
[0.956s] INFO:colcon.colcon_core.shell:Creating prefix chain script '/home/david/tesis/superdev_ws/src/my_agv_super/install/setup.ps1'
[0.958s] INFO:colcon.colcon_core.shell:Creating prefix script '/home/david/tesis/superdev_ws/src/my_agv_super/install/local_setup.sh'
[0.959s] INFO:colcon.colcon_core.shell:Creating prefix util module '/home/david/tesis/superdev_ws/src/my_agv_super/install/_local_setup_util_sh.py'
[0.960s] INFO:colcon.colcon_core.shell:Creating prefix chain script '/home/david/tesis/superdev_ws/src/my_agv_super/install/setup.sh'
[0.961s] INFO:colcon.colcon_core.shell:Creating prefix script '/home/david/tesis/superdev_ws/src/my_agv_super/install/local_setup.bash'
[0.962s] INFO:colcon.colcon_core.shell:Creating prefix chain script '/home/david/tesis/superdev_ws/src/my_agv_super/install/setup.bash'
[0.966s] INFO:colcon.colcon_core.shell:Creating prefix script '/home/david/tesis/superdev_ws/src/my_agv_super/install/local_setup.zsh'
[0.968s] INFO:colcon.colcon_core.shell:Creating prefix chain script '/home/david/tesis/superdev_ws/src/my_agv_super/install/setup.zsh'
