[0.361s] DEBUG:colcon:Command line arguments: ['/usr/bin/colcon', 'build']
[0.362s] DEBUG:colcon:Parsed command line arguments: Namespace(log_base=None, log_level=None, verb_name='build', build_base='build', install_base='install', merge_install=False, symlink_install=False, test_result_base=None, continue_on_error=False, executor='parallel', parallel_workers=8, event_handlers=None, ignore_user_meta=False, metas=['./colcon.meta'], base_paths=['.'], packages_ignore=None, packages_ignore_regex=None, paths=None, packages_up_to=None, packages_up_to_regex=None, packages_above=None, packages_above_and_dependencies=None, packages_above_depth=None, packages_select_by_dep=None, packages_skip_by_dep=None, packages_skip_up_to=None, packages_select_build_failed=False, packages_skip_build_finished=False, packages_select_test_failures=False, packages_skip_test_passed=False, packages_select=None, packages_skip=None, packages_select_regex=None, packages_skip_regex=None, packages_start=None, packages_end=None, allow_overriding=[], cmake_args=None, cmake_target=None, cmake_target_skip_unavailable=False, cmake_clean_cache=False, cmake_clean_first=False, cmake_force_configure=False, ament_cmake_args=None, catkin_cmake_args=None, catkin_skip_building_tests=False, verb_parser=<colcon_defaults.argument_parser.defaults.DefaultArgumentsDecorator object at 0x70cdca82d570>, verb_extension=<colcon_core.verb.build.BuildVerb object at 0x70cdca9461a0>, main=<bound method BuildVerb.main of <colcon_core.verb.build.BuildVerb object at 0x70cdca9461a0>>)
[1.025s] Level 1:colcon.colcon_core.package_discovery:discover_packages(colcon_meta) check parameters
[1.026s] Level 1:colcon.colcon_core.package_discovery:discover_packages(recursive) check parameters
[1.026s] Level 1:colcon.colcon_core.package_discovery:discover_packages(ignore) check parameters
[1.026s] Level 1:colcon.colcon_core.package_discovery:discover_packages(path) check parameters
[1.026s] Level 1:colcon.colcon_core.package_discovery:discover_packages(colcon_meta) discover
[1.026s] Level 1:colcon.colcon_core.package_discovery:discover_packages(recursive) discover
[1.026s] INFO:colcon.colcon_core.package_discovery:Crawling recursively for packages in '/home/david/tesis/superdev_ws/src/my_agv_super'
[1.026s] Level 1:colcon.colcon_core.package_identification:_identify(.) by extensions ['ignore', 'ignore_ament_install']
[1.027s] Level 1:colcon.colcon_core.package_identification:_identify(.) by extension 'ignore'
[1.027s] Level 1:colcon.colcon_core.package_identification:_identify(.) by extension 'ignore_ament_install'
[1.027s] Level 1:colcon.colcon_core.package_identification:_identify(.) by extensions ['colcon_pkg']
[1.027s] Level 1:colcon.colcon_core.package_identification:_identify(.) by extension 'colcon_pkg'
[1.027s] Level 1:colcon.colcon_core.package_identification:_identify(.) by extensions ['colcon_meta']
[1.027s] Level 1:colcon.colcon_core.package_identification:_identify(.) by extension 'colcon_meta'
[1.027s] Level 1:colcon.colcon_core.package_identification:_identify(.) by extensions ['ros']
[1.027s] Level 1:colcon.colcon_core.package_identification:_identify(.) by extension 'ros'
[1.062s] DEBUG:colcon.colcon_core.package_identification:Package '.' with type 'ros.ament_cmake' and name 'my_agv_super'
[1.062s] Level 1:colcon.colcon_core.package_discovery:discover_packages(recursive) using defaults
[1.062s] Level 1:colcon.colcon_core.package_discovery:discover_packages(ignore) discover
[1.062s] Level 1:colcon.colcon_core.package_discovery:discover_packages(ignore) using defaults
[1.062s] Level 1:colcon.colcon_core.package_discovery:discover_packages(path) discover
[1.062s] Level 1:colcon.colcon_core.package_discovery:discover_packages(path) using defaults
[1.111s] Level 1:colcon.colcon_core.package_discovery:discover_packages(prefix_path) check parameters
[1.112s] Level 1:colcon.colcon_core.package_discovery:discover_packages(prefix_path) discover
[1.115s] DEBUG:colcon.colcon_installed_package_information.package_discovery:Found 1 installed packages in /home/david/tesis/superdev_ws/src/my_agv_super/install
[1.116s] DEBUG:colcon.colcon_installed_package_information.package_discovery:Found 1 installed packages in /home/david/ros-humble-ros1-bridge/install
[1.122s] DEBUG:colcon.colcon_installed_package_information.package_discovery:Found 397 installed packages in /opt/ros/humble
[1.129s] Level 1:colcon.colcon_core.package_discovery:discover_packages(prefix_path) using defaults
[1.324s] Level 5:colcon.colcon_core.verb:set package 'my_agv_super' build argument 'cmake_args' from command line to 'None'
[1.324s] Level 5:colcon.colcon_core.verb:set package 'my_agv_super' build argument 'cmake_target' from command line to 'None'
[1.324s] Level 5:colcon.colcon_core.verb:set package 'my_agv_super' build argument 'cmake_target_skip_unavailable' from command line to 'False'
[1.324s] Level 5:colcon.colcon_core.verb:set package 'my_agv_super' build argument 'cmake_clean_cache' from command line to 'False'
[1.324s] Level 5:colcon.colcon_core.verb:set package 'my_agv_super' build argument 'cmake_clean_first' from command line to 'False'
[1.325s] Level 5:colcon.colcon_core.verb:set package 'my_agv_super' build argument 'cmake_force_configure' from command line to 'False'
[1.325s] Level 5:colcon.colcon_core.verb:set package 'my_agv_super' build argument 'ament_cmake_args' from command line to 'None'
[1.325s] Level 5:colcon.colcon_core.verb:set package 'my_agv_super' build argument 'catkin_cmake_args' from command line to 'None'
[1.325s] Level 5:colcon.colcon_core.verb:set package 'my_agv_super' build argument 'catkin_skip_building_tests' from command line to 'False'
[1.325s] DEBUG:colcon.colcon_core.verb:Building package 'my_agv_super' with the following arguments: {'ament_cmake_args': None, 'build_base': '/home/david/tesis/superdev_ws/src/my_agv_super/build/my_agv_super', 'catkin_cmake_args': None, 'catkin_skip_building_tests': False, 'cmake_args': None, 'cmake_clean_cache': False, 'cmake_clean_first': False, 'cmake_force_configure': False, 'cmake_target': None, 'cmake_target_skip_unavailable': False, 'install_base': '/home/david/tesis/superdev_ws/src/my_agv_super/install/my_agv_super', 'merge_install': False, 'path': '/home/david/tesis/superdev_ws/src/my_agv_super', 'symlink_install': False, 'test_result_base': None}
[1.325s] INFO:colcon.colcon_core.executor:Executing jobs using 'parallel' executor
[1.330s] DEBUG:colcon.colcon_parallel_executor.executor.parallel:run_until_complete
[1.330s] INFO:colcon.colcon_ros.task.ament_cmake.build:Building ROS package in '/home/david/tesis/superdev_ws/src/my_agv_super' with build type 'ament_cmake'
[1.331s] INFO:colcon.colcon_cmake.task.cmake.build:Building CMake package in '/home/david/tesis/superdev_ws/src/my_agv_super'
[1.337s] INFO:colcon.colcon_core.plugin_system:Skipping extension 'colcon_core.shell.bat': Not used on non-Windows systems
[1.337s] INFO:colcon.colcon_core.shell:Skip shell extension 'powershell' for command environment: Not usable outside of PowerShell
[1.339s] DEBUG:colcon.colcon_core.shell:Skip shell extension 'dsv' for command environment
[1.391s] DEBUG:colcon.colcon_core.event_handler.log_command:Invoking command in '/home/david/tesis/superdev_ws/src/my_agv_super/build/my_agv_super': CMAKE_PREFIX_PATH=${CMAKE_PREFIX_PATH}:/opt/ros/humble /usr/bin/cmake --build /home/david/tesis/superdev_ws/src/my_agv_super/build/my_agv_super -- -j8 -l8
[1.497s] DEBUG:colcon.colcon_core.event_handler.log_command:Invoked command in '/home/david/tesis/superdev_ws/src/my_agv_super/build/my_agv_super' returned '0': CMAKE_PREFIX_PATH=${CMAKE_PREFIX_PATH}:/opt/ros/humble /usr/bin/cmake --build /home/david/tesis/superdev_ws/src/my_agv_super/build/my_agv_super -- -j8 -l8
[1.586s] DEBUG:colcon.colcon_core.event_handler.log_command:Invoking command in '/home/david/tesis/superdev_ws/src/my_agv_super/build/my_agv_super': CMAKE_PREFIX_PATH=${CMAKE_PREFIX_PATH}:/opt/ros/humble /usr/bin/cmake --install /home/david/tesis/superdev_ws/src/my_agv_super/build/my_agv_super
[1.632s] Level 1:colcon.colcon_core.environment:create_environment_scripts_only(my_agv_super)
[1.677s] Level 1:colcon.colcon_core.environment:checking '/home/david/tesis/superdev_ws/src/my_agv_super/install/my_agv_super' for CMake module files
[1.684s] DEBUG:colcon.colcon_core.event_handler.log_command:Invoked command in '/home/david/tesis/superdev_ws/src/my_agv_super/build/my_agv_super' returned '0': CMAKE_PREFIX_PATH=${CMAKE_PREFIX_PATH}:/opt/ros/humble /usr/bin/cmake --install /home/david/tesis/superdev_ws/src/my_agv_super/build/my_agv_super
[1.686s] Level 1:colcon.colcon_core.environment:checking '/home/david/tesis/superdev_ws/src/my_agv_super/install/my_agv_super' for CMake config files
[1.688s] Level 1:colcon.colcon_core.shell:create_environment_hook('my_agv_super', 'cmake_prefix_path')
[1.689s] INFO:colcon.colcon_core.shell:Creating environment hook '/home/david/tesis/superdev_ws/src/my_agv_super/install/my_agv_super/share/my_agv_super/hook/cmake_prefix_path.ps1'
[1.690s] INFO:colcon.colcon_core.shell:Creating environment descriptor '/home/david/tesis/superdev_ws/src/my_agv_super/install/my_agv_super/share/my_agv_super/hook/cmake_prefix_path.dsv'
[1.691s] INFO:colcon.colcon_core.shell:Creating environment hook '/home/david/tesis/superdev_ws/src/my_agv_super/install/my_agv_super/share/my_agv_super/hook/cmake_prefix_path.sh'
[1.693s] Level 1:colcon.colcon_core.environment:checking '/home/david/tesis/superdev_ws/src/my_agv_super/install/my_agv_super/lib'
[1.694s] Level 1:colcon.colcon_core.environment:checking '/home/david/tesis/superdev_ws/src/my_agv_super/install/my_agv_super/bin'
[1.694s] Level 1:colcon.colcon_core.environment:checking '/home/david/tesis/superdev_ws/src/my_agv_super/install/my_agv_super/lib/pkgconfig/my_agv_super.pc'
[1.695s] Level 1:colcon.colcon_core.environment:checking '/home/david/tesis/superdev_ws/src/my_agv_super/install/my_agv_super/lib/python3.10/site-packages'
[1.695s] Level 1:colcon.colcon_core.environment:checking '/home/david/tesis/superdev_ws/src/my_agv_super/install/my_agv_super/bin'
[1.696s] INFO:colcon.colcon_core.shell:Creating package script '/home/david/tesis/superdev_ws/src/my_agv_super/install/my_agv_super/share/my_agv_super/package.ps1'
[1.698s] INFO:colcon.colcon_core.shell:Creating package descriptor '/home/david/tesis/superdev_ws/src/my_agv_super/install/my_agv_super/share/my_agv_super/package.dsv'
[1.700s] INFO:colcon.colcon_core.shell:Creating package script '/home/david/tesis/superdev_ws/src/my_agv_super/install/my_agv_super/share/my_agv_super/package.sh'
[1.701s] INFO:colcon.colcon_core.shell:Creating package script '/home/david/tesis/superdev_ws/src/my_agv_super/install/my_agv_super/share/my_agv_super/package.bash'
[1.703s] INFO:colcon.colcon_core.shell:Creating package script '/home/david/tesis/superdev_ws/src/my_agv_super/install/my_agv_super/share/my_agv_super/package.zsh'
[1.705s] Level 1:colcon.colcon_core.environment:create_file_with_runtime_dependencies(/home/david/tesis/superdev_ws/src/my_agv_super/install/my_agv_super/share/colcon-core/packages/my_agv_super)
[1.772s] Level 1:colcon.colcon_core.environment:create_environment_scripts_only(my_agv_super)
[1.773s] Level 1:colcon.colcon_core.environment:checking '/home/david/tesis/superdev_ws/src/my_agv_super/install/my_agv_super' for CMake module files
[1.775s] Level 1:colcon.colcon_core.environment:checking '/home/david/tesis/superdev_ws/src/my_agv_super/install/my_agv_super' for CMake config files
[1.777s] Level 1:colcon.colcon_core.shell:create_environment_hook('my_agv_super', 'cmake_prefix_path')
[1.778s] INFO:colcon.colcon_core.shell:Creating environment hook '/home/david/tesis/superdev_ws/src/my_agv_super/install/my_agv_super/share/my_agv_super/hook/cmake_prefix_path.ps1'
[1.780s] INFO:colcon.colcon_core.shell:Creating environment descriptor '/home/david/tesis/superdev_ws/src/my_agv_super/install/my_agv_super/share/my_agv_super/hook/cmake_prefix_path.dsv'
[1.781s] INFO:colcon.colcon_core.shell:Creating environment hook '/home/david/tesis/superdev_ws/src/my_agv_super/install/my_agv_super/share/my_agv_super/hook/cmake_prefix_path.sh'
[1.783s] Level 1:colcon.colcon_core.environment:checking '/home/david/tesis/superdev_ws/src/my_agv_super/install/my_agv_super/lib'
[1.783s] Level 1:colcon.colcon_core.environment:checking '/home/david/tesis/superdev_ws/src/my_agv_super/install/my_agv_super/bin'
[1.783s] Level 1:colcon.colcon_core.environment:checking '/home/david/tesis/superdev_ws/src/my_agv_super/install/my_agv_super/lib/pkgconfig/my_agv_super.pc'
[1.784s] Level 1:colcon.colcon_core.environment:checking '/home/david/tesis/superdev_ws/src/my_agv_super/install/my_agv_super/lib/python3.10/site-packages'
[1.784s] Level 1:colcon.colcon_core.environment:checking '/home/david/tesis/superdev_ws/src/my_agv_super/install/my_agv_super/bin'
[1.784s] INFO:colcon.colcon_core.shell:Creating package script '/home/david/tesis/superdev_ws/src/my_agv_super/install/my_agv_super/share/my_agv_super/package.ps1'
[1.786s] INFO:colcon.colcon_core.shell:Creating package descriptor '/home/david/tesis/superdev_ws/src/my_agv_super/install/my_agv_super/share/my_agv_super/package.dsv'
[1.787s] INFO:colcon.colcon_core.shell:Creating package script '/home/david/tesis/superdev_ws/src/my_agv_super/install/my_agv_super/share/my_agv_super/package.sh'
[1.789s] INFO:colcon.colcon_core.shell:Creating package script '/home/david/tesis/superdev_ws/src/my_agv_super/install/my_agv_super/share/my_agv_super/package.bash'
[1.791s] INFO:colcon.colcon_core.shell:Creating package script '/home/david/tesis/superdev_ws/src/my_agv_super/install/my_agv_super/share/my_agv_super/package.zsh'
[1.792s] Level 1:colcon.colcon_core.environment:create_file_with_runtime_dependencies(/home/david/tesis/superdev_ws/src/my_agv_super/install/my_agv_super/share/colcon-core/packages/my_agv_super)
[1.793s] DEBUG:colcon.colcon_parallel_executor.executor.parallel:closing loop
[1.794s] DEBUG:colcon.colcon_parallel_executor.executor.parallel:loop closed
[1.795s] DEBUG:colcon.colcon_parallel_executor.executor.parallel:run_until_complete finished with '0'
[1.795s] DEBUG:colcon.colcon_core.event_reactor:joining thread
[1.811s] INFO:colcon.colcon_core.plugin_system:Skipping extension 'colcon_notification.desktop_notification.terminal_notifier': Not used on non-Darwin systems
[1.811s] INFO:colcon.colcon_core.plugin_system:Skipping extension 'colcon_notification.desktop_notification.win32': Not used on non-Windows systems
[1.811s] INFO:colcon.colcon_notification.desktop_notification:Sending desktop notification using 'notify2'
[1.841s] DEBUG:colcon.colcon_core.event_reactor:joined thread
[1.842s] INFO:colcon.colcon_core.shell:Creating prefix script '/home/david/tesis/superdev_ws/src/my_agv_super/install/local_setup.ps1'
[1.844s] INFO:colcon.colcon_core.shell:Creating prefix util module '/home/david/tesis/superdev_ws/src/my_agv_super/install/_local_setup_util_ps1.py'
[1.848s] INFO:colcon.colcon_core.shell:Creating prefix chain script '/home/david/tesis/superdev_ws/src/my_agv_super/install/setup.ps1'
[1.852s] INFO:colcon.colcon_core.shell:Creating prefix script '/home/david/tesis/superdev_ws/src/my_agv_super/install/local_setup.sh'
[1.854s] INFO:colcon.colcon_core.shell:Creating prefix util module '/home/david/tesis/superdev_ws/src/my_agv_super/install/_local_setup_util_sh.py'
[1.857s] INFO:colcon.colcon_core.shell:Creating prefix chain script '/home/david/tesis/superdev_ws/src/my_agv_super/install/setup.sh'
[1.861s] INFO:colcon.colcon_core.shell:Creating prefix script '/home/david/tesis/superdev_ws/src/my_agv_super/install/local_setup.bash'
[1.863s] INFO:colcon.colcon_core.shell:Creating prefix chain script '/home/david/tesis/superdev_ws/src/my_agv_super/install/setup.bash'
[1.867s] INFO:colcon.colcon_core.shell:Creating prefix script '/home/david/tesis/superdev_ws/src/my_agv_super/install/local_setup.zsh'
[1.869s] INFO:colcon.colcon_core.shell:Creating prefix chain script '/home/david/tesis/superdev_ws/src/my_agv_super/install/setup.zsh'
