[0.125s] DEBUG:colcon:Command line arguments: ['/usr/bin/colcon', 'build']
[0.125s] DEBUG:colcon:Parsed command line arguments: Namespace(log_base=None, log_level=None, verb_name='build', build_base='build', install_base='install', merge_install=False, symlink_install=False, test_result_base=None, continue_on_error=False, executor='parallel', parallel_workers=16, event_handlers=None, ignore_user_meta=False, metas=['./colcon.meta'], base_paths=['.'], packages_ignore=None, packages_ignore_regex=None, paths=None, packages_up_to=None, packages_up_to_regex=None, packages_above=None, packages_above_and_dependencies=None, packages_above_depth=None, packages_select_by_dep=None, packages_skip_by_dep=None, packages_skip_up_to=None, packages_select_build_failed=False, packages_skip_build_finished=False, packages_select_test_failures=False, packages_skip_test_passed=False, packages_select=None, packages_skip=None, packages_select_regex=None, packages_skip_regex=None, packages_start=None, packages_end=None, allow_overriding=[], cmake_args=None, cmake_target=None, cmake_target_skip_unavailable=False, cmake_clean_cache=False, cmake_clean_first=False, cmake_force_configure=False, ament_cmake_args=None, catkin_cmake_args=None, catkin_skip_building_tests=False, mixin_files=None, mixin=None, verb_parser=<colcon_mixin.mixin.mixin_argument.MixinArgumentDecorator object at 0x7801c5f1eb00>, verb_extension=<colcon_core.verb.build.BuildVerb object at 0x7801c5f1e590>, main=<bound method BuildVerb.main of <colcon_core.verb.build.BuildVerb object at 0x7801c5f1e590>>, mixin_verb=('build',))
[0.303s] Level 1:colcon.colcon_core.package_discovery:discover_packages(colcon_meta) check parameters
[0.304s] Level 1:colcon.colcon_core.package_discovery:discover_packages(recursive) check parameters
[0.304s] Level 1:colcon.colcon_core.package_discovery:discover_packages(ignore) check parameters
[0.304s] Level 1:colcon.colcon_core.package_discovery:discover_packages(path) check parameters
[0.304s] Level 1:colcon.colcon_core.package_discovery:discover_packages(colcon_meta) discover
[0.304s] Level 1:colcon.colcon_core.package_discovery:discover_packages(recursive) discover
[0.304s] INFO:colcon.colcon_core.package_discovery:Crawling recursively for packages in '/home/david/tesis/superdev_ws/src/my_agv_super'
[0.304s] Level 1:colcon.colcon_core.package_identification:_identify(.) by extensions ['ignore', 'ignore_ament_install']
[0.304s] Level 1:colcon.colcon_core.package_identification:_identify(.) by extension 'ignore'
[0.304s] Level 1:colcon.colcon_core.package_identification:_identify(.) by extension 'ignore_ament_install'
[0.304s] Level 1:colcon.colcon_core.package_identification:_identify(.) by extensions ['colcon_pkg']
[0.304s] Level 1:colcon.colcon_core.package_identification:_identify(.) by extension 'colcon_pkg'
[0.304s] Level 1:colcon.colcon_core.package_identification:_identify(.) by extensions ['colcon_meta']
[0.304s] Level 1:colcon.colcon_core.package_identification:_identify(.) by extension 'colcon_meta'
[0.304s] Level 1:colcon.colcon_core.package_identification:_identify(.) by extensions ['ros']
[0.305s] Level 1:colcon.colcon_core.package_identification:_identify(.) by extension 'ros'
[0.319s] DEBUG:colcon.colcon_core.package_identification:Package '.' with type 'ros.ament_cmake' and name 'my_agv_super'
[0.319s] Level 1:colcon.colcon_core.package_discovery:discover_packages(recursive) using defaults
[0.319s] Level 1:colcon.colcon_core.package_discovery:discover_packages(ignore) discover
[0.319s] Level 1:colcon.colcon_core.package_discovery:discover_packages(ignore) using defaults
[0.319s] Level 1:colcon.colcon_core.package_discovery:discover_packages(path) discover
[0.319s] Level 1:colcon.colcon_core.package_discovery:discover_packages(path) using defaults
[0.340s] Level 1:colcon.colcon_core.package_discovery:discover_packages(prefix_path) check parameters
[0.340s] Level 1:colcon.colcon_core.package_discovery:discover_packages(prefix_path) discover
[0.343s] DEBUG:colcon.colcon_installed_package_information.package_discovery:Found 1 installed packages in /home/david/tesis/superdev_ws/src/my_agv_super/install
[0.344s] DEBUG:colcon.colcon_installed_package_information.package_discovery:Found 1 installed packages in /home/david/ros-humble-ros1-bridge/install
[0.346s] DEBUG:colcon.colcon_installed_package_information.package_discovery:Found 408 installed packages in /opt/ros/humble
[0.366s] Level 1:colcon.colcon_core.package_discovery:discover_packages(prefix_path) using defaults
[0.415s] Level 5:colcon.colcon_core.verb:set package 'my_agv_super' build argument 'cmake_args' from command line to 'None'
[0.416s] Level 5:colcon.colcon_core.verb:set package 'my_agv_super' build argument 'cmake_target' from command line to 'None'
[0.416s] Level 5:colcon.colcon_core.verb:set package 'my_agv_super' build argument 'cmake_target_skip_unavailable' from command line to 'False'
[0.416s] Level 5:colcon.colcon_core.verb:set package 'my_agv_super' build argument 'cmake_clean_cache' from command line to 'False'
[0.416s] Level 5:colcon.colcon_core.verb:set package 'my_agv_super' build argument 'cmake_clean_first' from command line to 'False'
[0.416s] Level 5:colcon.colcon_core.verb:set package 'my_agv_super' build argument 'cmake_force_configure' from command line to 'False'
[0.416s] Level 5:colcon.colcon_core.verb:set package 'my_agv_super' build argument 'ament_cmake_args' from command line to 'None'
[0.416s] Level 5:colcon.colcon_core.verb:set package 'my_agv_super' build argument 'catkin_cmake_args' from command line to 'None'
[0.416s] Level 5:colcon.colcon_core.verb:set package 'my_agv_super' build argument 'catkin_skip_building_tests' from command line to 'False'
[0.416s] DEBUG:colcon.colcon_core.verb:Building package 'my_agv_super' with the following arguments: {'ament_cmake_args': None, 'build_base': '/home/david/tesis/superdev_ws/src/my_agv_super/build/my_agv_super', 'catkin_cmake_args': None, 'catkin_skip_building_tests': False, 'cmake_args': None, 'cmake_clean_cache': False, 'cmake_clean_first': False, 'cmake_force_configure': False, 'cmake_target': None, 'cmake_target_skip_unavailable': False, 'install_base': '/home/david/tesis/superdev_ws/src/my_agv_super/install/my_agv_super', 'merge_install': False, 'path': '/home/david/tesis/superdev_ws/src/my_agv_super', 'symlink_install': False, 'test_result_base': None}
[0.416s] INFO:colcon.colcon_core.executor:Executing jobs using 'parallel' executor
[0.418s] DEBUG:colcon.colcon_parallel_executor.executor.parallel:run_until_complete
[0.418s] INFO:colcon.colcon_ros.task.ament_cmake.build:Building ROS package in '/home/david/tesis/superdev_ws/src/my_agv_super' with build type 'ament_cmake'
[0.418s] INFO:colcon.colcon_cmake.task.cmake.build:Building CMake package in '/home/david/tesis/superdev_ws/src/my_agv_super'
[0.421s] INFO:colcon.colcon_core.plugin_system:Skipping extension 'colcon_core.shell.bat': Not used on non-Windows systems
[0.421s] INFO:colcon.colcon_core.shell:Skip shell extension 'powershell' for command environment: Not usable outside of PowerShell
[0.421s] DEBUG:colcon.colcon_core.shell:Skip shell extension 'dsv' for command environment
[0.435s] DEBUG:colcon.colcon_core.event_handler.log_command:Invoking command in '/home/david/tesis/superdev_ws/src/my_agv_super/build/my_agv_super': CMAKE_PREFIX_PATH=${CMAKE_PREFIX_PATH}:/opt/ros/humble /usr/bin/cmake --build /home/david/tesis/superdev_ws/src/my_agv_super/build/my_agv_super -- -j16 -l16
[0.489s] DEBUG:colcon.colcon_core.event_handler.log_command:Invoked command in '/home/david/tesis/superdev_ws/src/my_agv_super/build/my_agv_super' returned '0': CMAKE_PREFIX_PATH=${CMAKE_PREFIX_PATH}:/opt/ros/humble /usr/bin/cmake --build /home/david/tesis/superdev_ws/src/my_agv_super/build/my_agv_super -- -j16 -l16
[0.535s] DEBUG:colcon.colcon_core.event_handler.log_command:Invoking command in '/home/david/tesis/superdev_ws/src/my_agv_super/build/my_agv_super': CMAKE_PREFIX_PATH=${CMAKE_PREFIX_PATH}:/opt/ros/humble /usr/bin/cmake --install /home/david/tesis/superdev_ws/src/my_agv_super/build/my_agv_super
[0.557s] Level 1:colcon.colcon_core.environment:create_environment_scripts_only(my_agv_super)
[0.559s] DEBUG:colcon.colcon_core.event_handler.log_command:Invoked command in '/home/david/tesis/superdev_ws/src/my_agv_super/build/my_agv_super' returned '0': CMAKE_PREFIX_PATH=${CMAKE_PREFIX_PATH}:/opt/ros/humble /usr/bin/cmake --install /home/david/tesis/superdev_ws/src/my_agv_super/build/my_agv_super
[0.561s] Level 1:colcon.colcon_core.environment:checking '/home/david/tesis/superdev_ws/src/my_agv_super/install/my_agv_super' for CMake module files
[0.562s] Level 1:colcon.colcon_core.environment:checking '/home/david/tesis/superdev_ws/src/my_agv_super/install/my_agv_super' for CMake config files
[0.562s] Level 1:colcon.colcon_core.shell:create_environment_hook('my_agv_super', 'cmake_prefix_path')
[0.563s] INFO:colcon.colcon_core.shell:Creating environment hook '/home/david/tesis/superdev_ws/src/my_agv_super/install/my_agv_super/share/my_agv_super/hook/cmake_prefix_path.ps1'
[0.563s] INFO:colcon.colcon_core.shell:Creating environment descriptor '/home/david/tesis/superdev_ws/src/my_agv_super/install/my_agv_super/share/my_agv_super/hook/cmake_prefix_path.dsv'
[0.563s] INFO:colcon.colcon_core.shell:Creating environment hook '/home/david/tesis/superdev_ws/src/my_agv_super/install/my_agv_super/share/my_agv_super/hook/cmake_prefix_path.sh'
[0.564s] Level 1:colcon.colcon_core.environment:checking '/home/david/tesis/superdev_ws/src/my_agv_super/install/my_agv_super/lib'
[0.565s] Level 1:colcon.colcon_core.environment:checking '/home/david/tesis/superdev_ws/src/my_agv_super/install/my_agv_super/bin'
[0.565s] Level 1:colcon.colcon_core.environment:checking '/home/david/tesis/superdev_ws/src/my_agv_super/install/my_agv_super/lib/pkgconfig/my_agv_super.pc'
[0.565s] Level 1:colcon.colcon_core.environment:checking '/home/david/tesis/superdev_ws/src/my_agv_super/install/my_agv_super/lib/python3.10/site-packages'
[0.565s] Level 1:colcon.colcon_core.environment:checking '/home/david/tesis/superdev_ws/src/my_agv_super/install/my_agv_super/bin'
[0.565s] INFO:colcon.colcon_core.shell:Creating package script '/home/david/tesis/superdev_ws/src/my_agv_super/install/my_agv_super/share/my_agv_super/package.ps1'
[0.566s] INFO:colcon.colcon_core.shell:Creating package descriptor '/home/david/tesis/superdev_ws/src/my_agv_super/install/my_agv_super/share/my_agv_super/package.dsv'
[0.567s] INFO:colcon.colcon_core.shell:Creating package script '/home/david/tesis/superdev_ws/src/my_agv_super/install/my_agv_super/share/my_agv_super/package.sh'
[0.567s] INFO:colcon.colcon_core.shell:Creating package script '/home/david/tesis/superdev_ws/src/my_agv_super/install/my_agv_super/share/my_agv_super/package.bash'
[0.568s] INFO:colcon.colcon_core.shell:Creating package script '/home/david/tesis/superdev_ws/src/my_agv_super/install/my_agv_super/share/my_agv_super/package.zsh'
[0.568s] Level 1:colcon.colcon_core.environment:create_file_with_runtime_dependencies(/home/david/tesis/superdev_ws/src/my_agv_super/install/my_agv_super/share/colcon-core/packages/my_agv_super)
[0.601s] Level 1:colcon.colcon_core.environment:create_environment_scripts_only(my_agv_super)
[0.602s] Level 1:colcon.colcon_core.environment:checking '/home/david/tesis/superdev_ws/src/my_agv_super/install/my_agv_super' for CMake module files
[0.602s] Level 1:colcon.colcon_core.environment:checking '/home/david/tesis/superdev_ws/src/my_agv_super/install/my_agv_super' for CMake config files
[0.603s] Level 1:colcon.colcon_core.shell:create_environment_hook('my_agv_super', 'cmake_prefix_path')
[0.603s] INFO:colcon.colcon_core.shell:Creating environment hook '/home/david/tesis/superdev_ws/src/my_agv_super/install/my_agv_super/share/my_agv_super/hook/cmake_prefix_path.ps1'
[0.603s] INFO:colcon.colcon_core.shell:Creating environment descriptor '/home/david/tesis/superdev_ws/src/my_agv_super/install/my_agv_super/share/my_agv_super/hook/cmake_prefix_path.dsv'
[0.604s] INFO:colcon.colcon_core.shell:Creating environment hook '/home/david/tesis/superdev_ws/src/my_agv_super/install/my_agv_super/share/my_agv_super/hook/cmake_prefix_path.sh'
[0.604s] Level 1:colcon.colcon_core.environment:checking '/home/david/tesis/superdev_ws/src/my_agv_super/install/my_agv_super/lib'
[0.604s] Level 1:colcon.colcon_core.environment:checking '/home/david/tesis/superdev_ws/src/my_agv_super/install/my_agv_super/bin'
[0.604s] Level 1:colcon.colcon_core.environment:checking '/home/david/tesis/superdev_ws/src/my_agv_super/install/my_agv_super/lib/pkgconfig/my_agv_super.pc'
[0.605s] Level 1:colcon.colcon_core.environment:checking '/home/david/tesis/superdev_ws/src/my_agv_super/install/my_agv_super/lib/python3.10/site-packages'
[0.605s] Level 1:colcon.colcon_core.environment:checking '/home/david/tesis/superdev_ws/src/my_agv_super/install/my_agv_super/bin'
[0.605s] INFO:colcon.colcon_core.shell:Creating package script '/home/david/tesis/superdev_ws/src/my_agv_super/install/my_agv_super/share/my_agv_super/package.ps1'
[0.605s] INFO:colcon.colcon_core.shell:Creating package descriptor '/home/david/tesis/superdev_ws/src/my_agv_super/install/my_agv_super/share/my_agv_super/package.dsv'
[0.606s] INFO:colcon.colcon_core.shell:Creating package script '/home/david/tesis/superdev_ws/src/my_agv_super/install/my_agv_super/share/my_agv_super/package.sh'
[0.607s] INFO:colcon.colcon_core.shell:Creating package script '/home/david/tesis/superdev_ws/src/my_agv_super/install/my_agv_super/share/my_agv_super/package.bash'
[0.607s] INFO:colcon.colcon_core.shell:Creating package script '/home/david/tesis/superdev_ws/src/my_agv_super/install/my_agv_super/share/my_agv_super/package.zsh'
[0.607s] Level 1:colcon.colcon_core.environment:create_file_with_runtime_dependencies(/home/david/tesis/superdev_ws/src/my_agv_super/install/my_agv_super/share/colcon-core/packages/my_agv_super)
[0.608s] DEBUG:colcon.colcon_parallel_executor.executor.parallel:closing loop
[0.608s] DEBUG:colcon.colcon_parallel_executor.executor.parallel:loop closed
[0.608s] DEBUG:colcon.colcon_parallel_executor.executor.parallel:run_until_complete finished with '0'
[0.608s] DEBUG:colcon.colcon_core.event_reactor:joining thread
[0.614s] INFO:colcon.colcon_core.plugin_system:Skipping extension 'colcon_notification.desktop_notification.terminal_notifier': Not used on non-Darwin systems
[0.614s] INFO:colcon.colcon_core.plugin_system:Skipping extension 'colcon_notification.desktop_notification.win32': Not used on non-Windows systems
[0.614s] INFO:colcon.colcon_notification.desktop_notification:Sending desktop notification using 'notify2'
[0.627s] DEBUG:colcon.colcon_core.event_reactor:joined thread
[0.627s] INFO:colcon.colcon_core.shell:Creating prefix script '/home/david/tesis/superdev_ws/src/my_agv_super/install/local_setup.ps1'
[0.628s] INFO:colcon.colcon_core.shell:Creating prefix util module '/home/david/tesis/superdev_ws/src/my_agv_super/install/_local_setup_util_ps1.py'
[0.629s] INFO:colcon.colcon_core.shell:Creating prefix chain script '/home/david/tesis/superdev_ws/src/my_agv_super/install/setup.ps1'
[0.630s] INFO:colcon.colcon_core.shell:Creating prefix script '/home/david/tesis/superdev_ws/src/my_agv_super/install/local_setup.sh'
[0.631s] INFO:colcon.colcon_core.shell:Creating prefix util module '/home/david/tesis/superdev_ws/src/my_agv_super/install/_local_setup_util_sh.py'
[0.631s] INFO:colcon.colcon_core.shell:Creating prefix chain script '/home/david/tesis/superdev_ws/src/my_agv_super/install/setup.sh'
[0.633s] INFO:colcon.colcon_core.shell:Creating prefix script '/home/david/tesis/superdev_ws/src/my_agv_super/install/local_setup.bash'
[0.633s] INFO:colcon.colcon_core.shell:Creating prefix chain script '/home/david/tesis/superdev_ws/src/my_agv_super/install/setup.bash'
[0.634s] INFO:colcon.colcon_core.shell:Creating prefix script '/home/david/tesis/superdev_ws/src/my_agv_super/install/local_setup.zsh'
[0.635s] INFO:colcon.colcon_core.shell:Creating prefix chain script '/home/david/tesis/superdev_ws/src/my_agv_super/install/setup.zsh'
