[0.019s] Invoking command in '/home/david/tesis/superdev_ws/src/my_agv_super/build/my_agv_super': CMAKE_PREFIX_PATH=${CMAKE_PREFIX_PATH}:/opt/ros/humble /usr/bin/cmake --build /home/david/tesis/superdev_ws/src/my_agv_super/build/my_agv_super -- -j8 -l8
[0.087s] Invoked command in '/home/david/tesis/superdev_ws/src/my_agv_super/build/my_agv_super' returned '0': CMAKE_PREFIX_PATH=${CMAKE_PREFIX_PATH}:/opt/ros/humble /usr/bin/cmake --build /home/david/tesis/superdev_ws/src/my_agv_super/build/my_agv_super -- -j8 -l8
[0.152s] Invoking command in '/home/david/tesis/superdev_ws/src/my_agv_super/build/my_agv_super': CMAKE_PREFIX_PATH=${CMAKE_PREFIX_PATH}:/opt/ros/humble /usr/bin/cmake --install /home/david/tesis/superdev_ws/src/my_agv_super/build/my_agv_super
[0.164s] -- Install configuration: ""
[0.164s] -- Up-to-date: /home/david/tesis/superdev_ws/src/my_agv_super/install/my_agv_super/share/my_agv_super/config
[0.165s] -- Up-to-date: /home/david/tesis/superdev_ws/src/my_agv_super/install/my_agv_super/share/my_agv_super/launch
[0.166s] -- Up-to-date: /home/david/tesis/superdev_ws/src/my_agv_super/install/my_agv_super/share/my_agv_super/launch/myagv.launch.py
[0.166s] -- Up-to-date: /home/david/tesis/superdev_ws/src/my_agv_super/install/my_agv_super/share/my_agv_super/maps
[0.166s] -- Up-to-date: /home/david/tesis/superdev_ws/src/my_agv_super/install/my_agv_super/share/my_agv_super/meshes
[0.166s] -- Up-to-date: /home/david/tesis/superdev_ws/src/my_agv_super/install/my_agv_super/share/my_agv_super/meshes/install
[0.166s] -- Up-to-date: /home/david/tesis/superdev_ws/src/my_agv_super/install/my_agv_super/share/my_agv_super/meshes/install/setup.bash
[0.166s] -- Up-to-date: /home/david/tesis/superdev_ws/src/my_agv_super/install/my_agv_super/share/my_agv_super/meshes/install/.colcon_install_layout
[0.166s] -- Up-to-date: /home/david/tesis/superdev_ws/src/my_agv_super/install/my_agv_super/share/my_agv_super/meshes/install/local_setup.bash
[0.167s] -- Up-to-date: /home/david/tesis/superdev_ws/src/my_agv_super/install/my_agv_super/share/my_agv_super/meshes/install/COLCON_IGNORE
[0.167s] -- Up-to-date: /home/david/tesis/superdev_ws/src/my_agv_super/install/my_agv_super/share/my_agv_super/meshes/install/_local_setup_util_sh.py
[0.167s] -- Up-to-date: /home/david/tesis/superdev_ws/src/my_agv_super/install/my_agv_super/share/my_agv_super/meshes/install/local_setup.ps1
[0.167s] -- Up-to-date: /home/david/tesis/superdev_ws/src/my_agv_super/install/my_agv_super/share/my_agv_super/meshes/install/_local_setup_util_ps1.py
[0.167s] -- Up-to-date: /home/david/tesis/superdev_ws/src/my_agv_super/install/my_agv_super/share/my_agv_super/meshes/install/local_setup.sh
[0.167s] -- Up-to-date: /home/david/tesis/superdev_ws/src/my_agv_super/install/my_agv_super/share/my_agv_super/meshes/install/setup.ps1
[0.168s] -- Up-to-date: /home/david/tesis/superdev_ws/src/my_agv_super/install/my_agv_super/share/my_agv_super/meshes/install/setup.sh
[0.168s] -- Up-to-date: /home/david/tesis/superdev_ws/src/my_agv_super/install/my_agv_super/share/my_agv_super/meshes/install/local_setup.zsh
[0.168s] -- Up-to-date: /home/david/tesis/superdev_ws/src/my_agv_super/install/my_agv_super/share/my_agv_super/meshes/install/setup.zsh
[0.168s] -- Up-to-date: /home/david/tesis/superdev_ws/src/my_agv_super/install/my_agv_super/share/my_agv_super/meshes/elbow.stl
[0.168s] -- Up-to-date: /home/david/tesis/superdev_ws/src/my_agv_super/install/my_agv_super/share/my_agv_super/meshes/wheel.stl
[0.168s] -- Up-to-date: /home/david/tesis/superdev_ws/src/my_agv_super/install/my_agv_super/share/my_agv_super/meshes/wrist.stl
[0.168s] -- Up-to-date: /home/david/tesis/superdev_ws/src/my_agv_super/install/my_agv_super/share/my_agv_super/meshes/bicep.stl
[0.169s] -- Up-to-date: /home/david/tesis/superdev_ws/src/my_agv_super/install/my_agv_super/share/my_agv_super/meshes/hokuyo.dae
[0.169s] -- Up-to-date: /home/david/tesis/superdev_ws/src/my_agv_super/install/my_agv_super/share/my_agv_super/meshes/myagv_base.dae
[0.169s] -- Up-to-date: /home/david/tesis/superdev_ws/src/my_agv_super/install/my_agv_super/share/my_agv_super/meshes/myagv_all.stl
[0.169s] -- Up-to-date: /home/david/tesis/superdev_ws/src/my_agv_super/install/my_agv_super/share/my_agv_super/meshes/robot_base.stl
[0.169s] -- Up-to-date: /home/david/tesis/superdev_ws/src/my_agv_super/install/my_agv_super/share/my_agv_super/meshes/arm_base.stl
[0.170s] -- Up-to-date: /home/david/tesis/superdev_ws/src/my_agv_super/install/my_agv_super/share/my_agv_super/meshes/myagv_up.dae
[0.170s] -- Up-to-date: /home/david/tesis/superdev_ws/src/my_agv_super/install/my_agv_super/share/my_agv_super/meshes/log
[0.170s] -- Up-to-date: /home/david/tesis/superdev_ws/src/my_agv_super/install/my_agv_super/share/my_agv_super/meshes/log/COLCON_IGNORE
[0.170s] -- Up-to-date: /home/david/tesis/superdev_ws/src/my_agv_super/install/my_agv_super/share/my_agv_super/meshes/log/latest
[0.170s] -- Up-to-date: /home/david/tesis/superdev_ws/src/my_agv_super/install/my_agv_super/share/my_agv_super/meshes/log/latest_build
[0.170s] -- Up-to-date: /home/david/tesis/superdev_ws/src/my_agv_super/install/my_agv_super/share/my_agv_super/meshes/log/build_2024-06-22_21-29-10
[0.170s] -- Up-to-date: /home/david/tesis/superdev_ws/src/my_agv_super/install/my_agv_super/share/my_agv_super/meshes/log/build_2024-06-22_21-29-10/events.log
[0.170s] -- Up-to-date: /home/david/tesis/superdev_ws/src/my_agv_super/install/my_agv_super/share/my_agv_super/meshes/log/build_2024-06-22_21-29-10/logger_all.log
[0.170s] -- Up-to-date: /home/david/tesis/superdev_ws/src/my_agv_super/install/my_agv_super/share/my_agv_super/meshes/myagv_all.dae
[0.170s] -- Up-to-date: /home/david/tesis/superdev_ws/src/my_agv_super/install/my_agv_super/share/my_agv_super/meshes/build
[0.170s] -- Up-to-date: /home/david/tesis/superdev_ws/src/my_agv_super/install/my_agv_super/share/my_agv_super/meshes/build/COLCON_IGNORE
[0.170s] -- Up-to-date: /home/david/tesis/superdev_ws/src/my_agv_super/install/my_agv_super/share/my_agv_super/meshes/build/.built_by
[0.171s] -- Up-to-date: /home/david/tesis/superdev_ws/src/my_agv_super/install/my_agv_super/share/my_agv_super/models
[0.171s] -- Up-to-date: /home/david/tesis/superdev_ws/src/my_agv_super/install/my_agv_super/share/my_agv_super/models/myagv_description
[0.171s] -- Up-to-date: /home/david/tesis/superdev_ws/src/my_agv_super/install/my_agv_super/share/my_agv_super/models/myagv_description/model.config
[0.171s] -- Up-to-date: /home/david/tesis/superdev_ws/src/my_agv_super/install/my_agv_super/share/my_agv_super/models/myagv_description/meshes
[0.171s] -- Up-to-date: /home/david/tesis/superdev_ws/src/my_agv_super/install/my_agv_super/share/my_agv_super/models/myagv_description/meshes/install
[0.171s] -- Up-to-date: /home/david/tesis/superdev_ws/src/my_agv_super/install/my_agv_super/share/my_agv_super/models/myagv_description/meshes/install/setup.bash
[0.171s] -- Up-to-date: /home/david/tesis/superdev_ws/src/my_agv_super/install/my_agv_super/share/my_agv_super/models/myagv_description/meshes/install/.colcon_install_layout
[0.172s] -- Up-to-date: /home/david/tesis/superdev_ws/src/my_agv_super/install/my_agv_super/share/my_agv_super/models/myagv_description/meshes/install/local_setup.bash
[0.172s] -- Up-to-date: /home/david/tesis/superdev_ws/src/my_agv_super/install/my_agv_super/share/my_agv_super/models/myagv_description/meshes/install/COLCON_IGNORE
[0.173s] -- Up-to-date: /home/david/tesis/superdev_ws/src/my_agv_super/install/my_agv_super/share/my_agv_super/models/myagv_description/meshes/install/_local_setup_util_sh.py
[0.173s] -- Up-to-date: /home/david/tesis/superdev_ws/src/my_agv_super/install/my_agv_super/share/my_agv_super/models/myagv_description/meshes/install/local_setup.ps1
[0.173s] -- Up-to-date: /home/david/tesis/superdev_ws/src/my_agv_super/install/my_agv_super/share/my_agv_super/models/myagv_description/meshes/install/_local_setup_util_ps1.py
[0.174s] -- Up-to-date: /home/david/tesis/superdev_ws/src/my_agv_super/install/my_agv_super/share/my_agv_super/models/myagv_description/meshes/install/local_setup.sh
[0.174s] -- Up-to-date: /home/david/tesis/superdev_ws/src/my_agv_super/install/my_agv_super/share/my_agv_super/models/myagv_description/meshes/install/setup.ps1
[0.174s] -- Up-to-date: /home/david/tesis/superdev_ws/src/my_agv_super/install/my_agv_super/share/my_agv_super/models/myagv_description/meshes/install/setup.sh
[0.175s] -- Up-to-date: /home/david/tesis/superdev_ws/src/my_agv_super/install/my_agv_super/share/my_agv_super/models/myagv_description/meshes/install/local_setup.zsh
[0.175s] -- Up-to-date: /home/david/tesis/superdev_ws/src/my_agv_super/install/my_agv_super/share/my_agv_super/models/myagv_description/meshes/install/setup.zsh
[0.175s] -- Up-to-date: /home/david/tesis/superdev_ws/src/my_agv_super/install/my_agv_super/share/my_agv_super/models/myagv_description/meshes/elbow.stl
[0.176s] -- Up-to-date: /home/david/tesis/superdev_ws/src/my_agv_super/install/my_agv_super/share/my_agv_super/models/myagv_description/meshes/wheel.stl
[0.177s] -- Up-to-date: /home/david/tesis/superdev_ws/src/my_agv_super/install/my_agv_super/share/my_agv_super/models/myagv_description/meshes/wrist.stl
[0.178s] -- Up-to-date: /home/david/tesis/superdev_ws/src/my_agv_super/install/my_agv_super/share/my_agv_super/models/myagv_description/meshes/bicep.stl
[0.178s] -- Up-to-date: /home/david/tesis/superdev_ws/src/my_agv_super/install/my_agv_super/share/my_agv_super/models/myagv_description/meshes/hokuyo.dae
[0.178s] -- Up-to-date: /home/david/tesis/superdev_ws/src/my_agv_super/install/my_agv_super/share/my_agv_super/models/myagv_description/meshes/myagv_base.dae
[0.179s] -- Up-to-date: /home/david/tesis/superdev_ws/src/my_agv_super/install/my_agv_super/share/my_agv_super/models/myagv_description/meshes/myagv_all.stl
[0.179s] -- Up-to-date: /home/david/tesis/superdev_ws/src/my_agv_super/install/my_agv_super/share/my_agv_super/models/myagv_description/meshes/robot_base.stl
[0.179s] -- Up-to-date: /home/david/tesis/superdev_ws/src/my_agv_super/install/my_agv_super/share/my_agv_super/models/myagv_description/meshes/arm_base.stl
[0.179s] -- Up-to-date: /home/david/tesis/superdev_ws/src/my_agv_super/install/my_agv_super/share/my_agv_super/models/myagv_description/meshes/myagv_up.dae
[0.179s] -- Up-to-date: /home/david/tesis/superdev_ws/src/my_agv_super/install/my_agv_super/share/my_agv_super/models/myagv_description/meshes/log
[0.179s] -- Up-to-date: /home/david/tesis/superdev_ws/src/my_agv_super/install/my_agv_super/share/my_agv_super/models/myagv_description/meshes/log/COLCON_IGNORE
[0.179s] -- Up-to-date: /home/david/tesis/superdev_ws/src/my_agv_super/install/my_agv_super/share/my_agv_super/models/myagv_description/meshes/log/latest
[0.180s] -- Up-to-date: /home/david/tesis/superdev_ws/src/my_agv_super/install/my_agv_super/share/my_agv_super/models/myagv_description/meshes/log/latest_build
[0.180s] -- Up-to-date: /home/david/tesis/superdev_ws/src/my_agv_super/install/my_agv_super/share/my_agv_super/models/myagv_description/meshes/log/build_2024-06-22_21-29-10
[0.180s] -- Up-to-date: /home/david/tesis/superdev_ws/src/my_agv_super/install/my_agv_super/share/my_agv_super/models/myagv_description/meshes/log/build_2024-06-22_21-29-10/events.log
[0.180s] -- Up-to-date: /home/david/tesis/superdev_ws/src/my_agv_super/install/my_agv_super/share/my_agv_super/models/myagv_description/meshes/log/build_2024-06-22_21-29-10/logger_all.log
[0.181s] -- Up-to-date: /home/david/tesis/superdev_ws/src/my_agv_super/install/my_agv_super/share/my_agv_super/models/myagv_description/meshes/myagv_all.dae
[0.181s] -- Up-to-date: /home/david/tesis/superdev_ws/src/my_agv_super/install/my_agv_super/share/my_agv_super/models/myagv_description/meshes/build
[0.182s] -- Up-to-date: /home/david/tesis/superdev_ws/src/my_agv_super/install/my_agv_super/share/my_agv_super/models/myagv_description/meshes/build/COLCON_IGNORE
[0.182s] -- Up-to-date: /home/david/tesis/superdev_ws/src/my_agv_super/install/my_agv_super/share/my_agv_super/models/myagv_description/meshes/build/.built_by
[0.182s] -- Installing: /home/david/tesis/superdev_ws/src/my_agv_super/install/my_agv_super/share/my_agv_super/models/myagv_description/model.sdf
[0.182s] -- Up-to-date: /home/david/tesis/superdev_ws/src/my_agv_super/install/my_agv_super/share/my_agv_super/models/myagv.urdf
[0.183s] -- Up-to-date: /home/david/tesis/superdev_ws/src/my_agv_super/install/my_agv_super/share/my_agv_super/params
[0.183s] -- Up-to-date: /home/david/tesis/superdev_ws/src/my_agv_super/install/my_agv_super/share/my_agv_super/rviz
[0.183s] -- Up-to-date: /home/david/tesis/superdev_ws/src/my_agv_super/install/my_agv_super/share/my_agv_super/rviz/urdf_config.rviz
[0.183s] -- Up-to-date: /home/david/tesis/superdev_ws/src/my_agv_super/install/my_agv_super/share/my_agv_super/src
[0.183s] -- Up-to-date: /home/david/tesis/superdev_ws/src/my_agv_super/install/my_agv_super/share/my_agv_super/worlds
[0.183s] -- Up-to-date: /home/david/tesis/superdev_ws/src/my_agv_super/install/my_agv_super/share/my_agv_super/worlds/my_agv_world
[0.183s] -- Up-to-date: /home/david/tesis/superdev_ws/src/my_agv_super/install/my_agv_super/share/my_agv_super/worlds/my_agv_world/smalltown.world
[0.184s] -- Up-to-date: /home/david/tesis/superdev_ws/src/my_agv_super/install/my_agv_super/share/ament_index/resource_index/package_run_dependencies/my_agv_super
[0.184s] -- Up-to-date: /home/david/tesis/superdev_ws/src/my_agv_super/install/my_agv_super/share/ament_index/resource_index/parent_prefix_path/my_agv_super
[0.184s] -- Up-to-date: /home/david/tesis/superdev_ws/src/my_agv_super/install/my_agv_super/share/my_agv_super/environment/ament_prefix_path.sh
[0.184s] -- Up-to-date: /home/david/tesis/superdev_ws/src/my_agv_super/install/my_agv_super/share/my_agv_super/environment/ament_prefix_path.dsv
[0.184s] -- Up-to-date: /home/david/tesis/superdev_ws/src/my_agv_super/install/my_agv_super/share/my_agv_super/environment/path.sh
[0.184s] -- Up-to-date: /home/david/tesis/superdev_ws/src/my_agv_super/install/my_agv_super/share/my_agv_super/environment/path.dsv
[0.184s] -- Up-to-date: /home/david/tesis/superdev_ws/src/my_agv_super/install/my_agv_super/share/my_agv_super/local_setup.bash
[0.185s] -- Up-to-date: /home/david/tesis/superdev_ws/src/my_agv_super/install/my_agv_super/share/my_agv_super/local_setup.sh
[0.185s] -- Up-to-date: /home/david/tesis/superdev_ws/src/my_agv_super/install/my_agv_super/share/my_agv_super/local_setup.zsh
[0.185s] -- Up-to-date: /home/david/tesis/superdev_ws/src/my_agv_super/install/my_agv_super/share/my_agv_super/local_setup.dsv
[0.185s] -- Installing: /home/david/tesis/superdev_ws/src/my_agv_super/install/my_agv_super/share/my_agv_super/package.dsv
[0.186s] -- Up-to-date: /home/david/tesis/superdev_ws/src/my_agv_super/install/my_agv_super/share/ament_index/resource_index/packages/my_agv_super
[0.186s] -- Up-to-date: /home/david/tesis/superdev_ws/src/my_agv_super/install/my_agv_super/share/my_agv_super/cmake/my_agv_superConfig.cmake
[0.186s] -- Up-to-date: /home/david/tesis/superdev_ws/src/my_agv_super/install/my_agv_super/share/my_agv_super/cmake/my_agv_superConfig-version.cmake
[0.186s] -- Up-to-date: /home/david/tesis/superdev_ws/src/my_agv_super/install/my_agv_super/share/my_agv_super/package.xml
[0.186s] Invoked command in '/home/david/tesis/superdev_ws/src/my_agv_super/build/my_agv_super' returned '0': CMAKE_PREFIX_PATH=${CMAKE_PREFIX_PATH}:/opt/ros/humble /usr/bin/cmake --install /home/david/tesis/superdev_ws/src/my_agv_super/build/my_agv_super
