[0.019s] Invoking command in '/home/david/tesis/superdev_ws/src/my_agv_super/build/my_agv_super': CMAKE_PREFIX_PATH=${CMAKE_PREFIX_PATH}:/home/david/tesis/superdev_ws/src/my_super_agv/install/my_super_agv:/opt/ros/humble /usr/bin/cmake --build /home/david/tesis/superdev_ws/src/my_agv_super/build/my_agv_super -- -j8 -l8
[0.059s] -- Found ament_cmake: 1.3.9 (/opt/ros/humble/share/ament_cmake/cmake)
[0.256s] -- Found ament_lint_auto: 0.12.11 (/opt/ros/humble/share/ament_lint_auto/cmake)
[0.589s] -- Added test 'cppcheck' to perform static code analysis on C / C++ code
[0.590s] -- Configured cppcheck include dirs: 
[0.590s] -- Configured cppcheck exclude dirs and/or files: 
[0.620s] -- Added test 'flake8' to check Python code syntax and style conventions
[0.678s] -- Added test 'lint_cmake' to check CMake code style
[0.706s] -- Added test 'pep257' to check Python code against some of the docstring style conventions in PEP 257
[0.933s] -- Added test 'uncrustify' to check C / C++ code style
[0.934s] -- Configured uncrustify additional arguments: 
[0.967s] -- Added test 'xmllint' to check XML markup files
[0.968s] -- Configuring done
[0.970s] [31mCMake Error at CMakeLists.txt:20 (add_executable):
[0.970s]   Cannot find source file:
[0.970s] 
[0.970s]     src/scripts/teleop_fix.py
[0.970s] 
[0.970s]   Tried extensions .c .C .c++ .cc .cpp .cxx .cu .mpp .m .M .mm .ixx .cppm .h
[0.970s]   .hh .h++ .hm .hpp .hxx .in .txx .f .F .for .f77 .f90 .f95 .f03 .hip .ispc
[0.971s] 
[0.971s] [0m
[0.971s] [31mCMake Error at CMakeLists.txt:20 (add_executable):
[0.971s]   No SOURCES given to target: teleop_fix
[0.971s] 
[0.971s] [0m
[0.971s] [0mCMake Generate step failed.  Build files cannot be regenerated correctly.[0m
[0.974s] gmake: *** [Makefile:226: cmake_check_build_system] Error 1
[0.978s] Invoked command in '/home/david/tesis/superdev_ws/src/my_agv_super/build/my_agv_super' returned '2': CMAKE_PREFIX_PATH=${CMAKE_PREFIX_PATH}:/home/david/tesis/superdev_ws/src/my_super_agv/install/my_super_agv:/opt/ros/humble /usr/bin/cmake --build /home/david/tesis/superdev_ws/src/my_agv_super/build/my_agv_super -- -j8 -l8
